{"version":"1","tagId":"26376","success":true,"timestamp":1540500089.698,"data":{"tagData":{},"anchorData":[],"coordinates":{"x":2113,"y":607,"z":0},"orientation":{"yaw":5.562,"roll":0.025,"pitch":0.022},"metrics":{"latency":52.9,"rates":{"update":5.88,"success":5.88}}}}
{"version":"1","tagId":"26457","success":true,"timestamp":1540500089.833,"data":{"tagData":{},"anchorData":[],"coordinates":{"x":2263,"y":0,"z":0},"orientation":{"yaw":0.363,"roll":-0.014,"pitch":-0.027},"metrics":{"latency":104.3,"rates":{"update":5.55,"success":5.55}}}}
{"version":"1","tagId":"26376","success":true,"timestamp":1540500089.955,"data":{"tagData":{},"anchorData":[],"coordinates":{"x":2521,"y":196,"z":0},"orientation":{"yaw":5.562,"roll":0.025,"pitch":0.022},"metrics":{"latency":46.9,"rates":{"update":5.61,"success":5.61}}}}
{"version":"1","tagId":"26457","success":true,"timestamp":1540500090.006,"data":{"tagData":{},"anchorData":[],"coordinates":{"x":2280,"y":-44,"z":0},"orientation":{"yaw":0.363,"roll":-0.014,"pitch":-0.027},"metrics":{"latency":95,"rates":{"update":5.6,"success":5.6}}}}
{"version":"1","tagId":"26376","success":true,"timestamp":1540500090.155,"data":{"tagData":{},"anchorData":[],"coordinates":{"x":2548,"y":138,"z":0},"orientation":{"yaw":5.562,"roll":0.025,"pitch":0.022},"metrics":{"latency":51.9,"rates":{"update":5.53,"success":5.53}}}}
{"version":"1","tagId":"26457","success":true,"timestamp":1540500090.307,"data":{"tagData":{},"anchorData":[],"coordinates":{"x":2290,"y":-1,"z":0},"orientation":{"yaw":0.363,"roll":-0.014,"pitch":-0.027},"metrics":{"latency":110.8,"rates":{"update":5.2,"success":5.2}}}}
{"version":"1","tagId":"26376","success":true,"timestamp":1540500090.453,"data":{"tagData":{},"anchorData":[],"coordinates":{"x":2373,"y":359,"z":0},"orientation":{"yaw":5.562,"roll":0.025,"pitch":0.022},"metrics":{"latency":51.7,"rates":{"update":5.19,"success":5.19}}}}
{"version":"1","tagId":"26457","success":true,"timestamp":1540500090.518,"data":{"tagData":{},"anchorData":[],"coordinates":{"x":2247,"y":4,"z":0},"orientation":{"yaw":0.363,"roll":-0.014,"pitch":-0.027},"metrics":{"latency":50.9,"rates":{"update":5.31,"success":5.31}}}}
{"version":"1","tagId":"26376","success":true,"timestamp":1540500090.602,"data":{"tagData":{},"anchorData":[],"coordinates":{"x":2385,"y":360,"z":0},"orientation":{"yaw":5.562,"roll":0.025,"pitch":0.022},"metrics":{"latency":51.9,"rates":{"update":5.31,"success":5.31}}}}
{"version":"1","tagId":"26457","success":true,"timestamp":1540500090.718,"data":{"tagData":{},"anchorData":[],"coordinates":{"x":2275,"y":-11,"z":0},"orientation":{"yaw":0.363,"roll":-0.014,"pitch":-0.027},"metrics":{"latency":95.5,"rates":{"update":5.16,"success":5.16}}}}
{"version":"1","tagId":"26376","success":true,"timestamp":1540500090.88,"data":{"tagData":{},"anchorData":[],"coordinates":{"x":2492,"y":200,"z":0},"orientation":{"yaw":5.562,"roll":0.025,"pitch":0.022},"metrics":{"latency":57.9,"rates":{"update":5.06,"success":5.06}}}}
{"version":"1","tagId":"26457","success":true,"timestamp":1540500090.948,"data":{"tagData":{},"anchorData":[],"coordinates":{"x":2313,"y":-20,"z":0},"orientation":{"yaw":0.363,"roll":-0.014,"pitch":-0.027},"metrics":{"latency":103.8,"rates":{"update":5.04,"success":5.04}}}}
{"version":"1","tagId":"26376","success":true,"timestamp":1540500091.062,"data":{"tagData":{},"anchorData":[],"coordinates":{"x":2272,"y":415,"z":0},"orientation":{"yaw":5.562,"roll":0.025,"pitch":0.022},"metrics":{"latency":50.9,"rates":{"update":5.11,"success":5.11}}}}
{"version":"1","tagId":"26457","success":true,"timestamp":1540500091.194,"data":{"tagData":{},"anchorData":[],"coordinates":{"x":1980,"y":312,"z":0},"orientation":{"yaw":0.363,"roll":-0.014,"pitch":-0.027},"metrics":{"latency":86.8,"rates":{"update":4.97,"success":4.97}}}}
{"version":"1","tagId":"26376","success":true,"timestamp":1540500091.387,"data":{"tagData":{},"anchorData":[],"coordinates":{"x":2368,"y":380,"z":0},"orientation":{"yaw":5.562,"roll":0.025,"pitch":0.022},"metrics":{"latency":47.3,"rates":{"update":4.8,"success":4.8}}}}
{"version":"1","tagId":"26457","success":true,"timestamp":1540500091.451,"data":{"tagData":{},"anchorData":[],"coordinates":{"x":2296,"y":18,"z":0},"orientation":{"yaw":0.363,"roll":-0.014,"pitch":-0.027},"metrics":{"latency":63.4,"rates":{"update":4.89,"success":4.89}}}}
{"version":"1","tagId":"26376","success":true,"timestamp":1540500091.517,"data":{"tagData":{},"anchorData":[],"coordinates":{"x":2153,"y":559,"z":0},"orientation":{"yaw":5.562,"roll":0.025,"pitch":0.022},"metrics":{"latency":47.2,"rates":{"update":4.99,"success":4.99}}}}
{"version":"1","tagId":"26457","success":true,"timestamp":1540500091.568,"data":{"tagData":{},"anchorData":[],"coordinates":{"x":2221,"y":18,"z":0},"orientation":{"yaw":0.363,"roll":-0.014,"pitch":-0.027},"metrics":{"latency":88.8,"rates":{"update":5.04,"success":5.04}}}}
{"version":"1","tagId":"26376","success":true,"timestamp":1540500091.752,"data":{"tagData":{},"anchorData":[],"coordinates":{"x":2542,"y":356,"z":0},"orientation":{"yaw":5.558,"roll":0.032,"pitch":0.016},"metrics":{"latency":65.9,"rates":{"update":4.86,"success":4.86}}}}
{"version":"1","tagId":"26457","success":true,"timestamp":1540500091.872,"data":{"tagData":{},"anchorData":[],"coordinates":{"x":2291,"y":-42,"z":0},"orientation":{"yaw":0.363,"roll":-0.014,"pitch":-0.027},"metrics":{"latency":118.8,"rates":{"update":4.72,"success":4.72}}}}
{"version":"1","tagId":"26376","success":true,"timestamp":1540500092.02,"data":{"tagData":{},"anchorData":[],"coordinates":{"x":2046,"y":490,"z":0},"orientation":{"yaw":5.757,"roll":0.039,"pitch":0.013},"metrics":{"latency":55.9,"rates":{"update":4.74,"success":4.74}}}}
{"version":"1","tagId":"26457","success":true,"timestamp":1540500092.114,"data":{"tagData":{},"anchorData":[],"coordinates":{"x":2302,"y":-64,"z":0},"orientation":{"yaw":0.363,"roll":-0.014,"pitch":-0.027},"metrics":{"latency":110.7,"rates":{"update":4.67,"success":4.67}}}}
{"version":"1","tagId":"26376","success":true,"timestamp":1540500092.332,"data":{"tagData":{},"anchorData":[],"coordinates":{"x":2225,"y":328,"z":0},"orientation":{"yaw":5.934,"roll":0.109,"pitch":-0.005},"metrics":{"latency":54.3,"rates":{"update":4.53,"success":4.53}}}}
{"version":"1","tagId":"26457","success":true,"timestamp":1540500092.417,"data":{"tagData":{},"anchorData":[],"coordinates":{"x":2354,"y":-49,"z":0},"orientation":{"yaw":0.363,"roll":-0.014,"pitch":-0.027},"metrics":{"latency":66.5,"rates":{"update":4.58,"success":4.58}}}}
{"version":"1","tagId":"26376","success":true,"timestamp":1540500092.488,"data":{"tagData":{},"anchorData":[],"coordinates":{"x":2410,"y":238,"z":0},"orientation":{"yaw":6.024,"roll":0.12,"pitch":-0.037},"metrics":{"latency":46.9,"rates":{"update":4.68,"success":4.68}}}}
{"version":"1","tagId":"26457","success":true,"timestamp":1540500092.539,"data":{"tagData":{},"anchorData":[],"coordinates":{"x":2331,"y":-64,"z":0},"orientation":{"yaw":0.363,"roll":-0.014,"pitch":-0.027},"metrics":{"latency":72.8,"rates":{"update":4.77,"success":4.77}}}}
{"version":"1","tagId":"26376","success":true,"timestamp":1540500092.653,"data":{"tagData":{},"anchorData":[],"coordinates":{"x":2363,"y":151,"z":0},"orientation":{"yaw":6.274,"roll":0.076,"pitch":-0.062},"metrics":{"latency":48.1,"rates":{"update":4.79,"success":4.79}}}}
{"version":"1","tagId":"26457","success":true,"timestamp":1540500092.776,"data":{"tagData":{},"anchorData":[],"coordinates":{"x":2184,"y":-98,"z":0},"orientation":{"yaw":0.363,"roll":-0.014,"pitch":-0.027},"metrics":{"latency":57.5,"rates":{"update":4.74,"success":4.74}}}}
{"version":"1","tagId":"26376","success":true,"timestamp":1540500092.851,"data":{"tagData":{},"anchorData":[],"coordinates":{"x":2450,"y":-100,"z":0},"orientation":{"yaw":0.434,"roll":-0.029,"pitch":-0.112},"metrics":{"latency":52.6,"rates":{"update":4.8,"success":4.8}}}}
{"version":"1","tagId":"26457","success":true,"timestamp":1540500092.907,"data":{"tagData":{},"anchorData":[],"coordinates":{"x":2167,"y":-75,"z":0},"orientation":{"yaw":0.363,"roll":-0.014,"pitch":-0.027},"metrics":{"latency":55.9,"rates":{"update":4.93,"success":4.93}}}}
{"version":"1","tagId":"26376","success":true,"timestamp":1540500092.969,"data":{"tagData":{},"anchorData":[],"coordinates":{"x":2459,"y":-339,"z":0},"orientation":{"yaw":0.656,"roll":-0.044,"pitch":-0.129},"metrics":{"latency":51,"rates":{"update":5.02,"success":5.02}}}}
{"version":"1","tagId":"26457","success":true,"timestamp":1540500093.026,"data":{"tagData":{},"anchorData":[],"coordinates":{"x":2375,"y":5,"z":0},"orientation":{"yaw":0.363,"roll":-0.014,"pitch":-0.027},"metrics":{"latency":78.8,"rates":{"update":5.09,"success":5.09}}}}
{"version":"1","tagId":"26376","success":true,"timestamp":1540500093.122,"data":{"tagData":{},"anchorData":[],"coordinates":{"x":2421,"y":-156,"z":0},"orientation":{"yaw":0.881,"roll":-0.055,"pitch":-0.085},"metrics":{"latency":51.9,"rates":{"update":5.14,"success":5.14}}}}
{"version":"1","tagId":"26457","success":true,"timestamp":1540500093.284,"data":{"tagData":{},"anchorData":[],"coordinates":{"x":2354,"y":-33,"z":0},"orientation":{"yaw":0.363,"roll":-0.014,"pitch":-0.027},"metrics":{"latency":37.9,"rates":{"update":5.04,"success":5.04}}}}
{"version":"1","tagId":"26376","success":true,"timestamp":1540500093.351,"data":{"tagData":{},"anchorData":[],"coordinates":{"x":2797,"y":-93,"z":0},"orientation":{"yaw":1.229,"roll":0.01,"pitch":-0.088},"metrics":{"latency":50.9,"rates":{"update":5.05,"success":5.05}}}}
{"version":"1","tagId":"26457","success":true,"timestamp":1540500093.407,"data":{"tagData":{},"anchorData":[],"coordinates":{"x":2343,"y":-19,"z":0},"orientation":{"yaw":0.363,"roll":-0.014,"pitch":-0.027},"metrics":{"latency":48.3,"rates":{"update":5.21,"success":5.21}}}}
{"version":"1","tagId":"26376","success":true,"timestamp":1540500093.461,"data":{"tagData":{},"anchorData":[],"coordinates":{"x":2834,"y":-108,"z":0},"orientation":{"yaw":1.457,"roll":0.022,"pitch":-0.113},"metrics":{"latency":53,"rates":{"update":5.28,"success":5.28}}}}
{"version":"1","tagId":"26457","success":true,"timestamp":1540500093.521,"data":{"tagData":{},"anchorData":[],"coordinates":{"x":2358,"y":-34,"z":0},"orientation":{"yaw":0.363,"roll":-0.014,"pitch":-0.027},"metrics":{"latency":43.9,"rates":{"update":5.44,"success":5.44}}}}
{"version":"1","tagId":"26376","success":true,"timestamp":1540500093.572,"data":{"tagData":{},"anchorData":[],"coordinates":{"x":3028,"y":-107,"z":0},"orientation":{"yaw":1.67,"roll":0.014,"pitch":-0.109},"metrics":{"latency":52.8,"rates":{"update":5.51,"success":5.51}}}}
{"version":"1","tagId":"26457","success":true,"timestamp":1540500093.693,"data":{"tagData":{},"anchorData":[],"coordinates":{"x":2335,"y":-46,"z":0},"orientation":{"yaw":0.363,"roll":-0.014,"pitch":-0.027},"metrics":{"latency":109.4,"rates":{"update":5.29,"success":5.29}}}}
{"version":"1","tagId":"26376","success":true,"timestamp":1540500093.871,"data":{"tagData":{},"anchorData":[],"coordinates":{"x":3126,"y":-391,"z":0},"orientation":{"yaw":2.081,"roll":0.101,"pitch":-0.094},"metrics":{"latency":46.6,"rates":{"update":5.19,"success":5.19}}}}
{"version":"1","tagId":"26457","success":true,"timestamp":1540500093.934,"data":{"tagData":{},"anchorData":[],"coordinates":{"x":2312,"y":-100,"z":0},"orientation":{"yaw":0.363,"roll":-0.014,"pitch":-0.027},"metrics":{"latency":95.4,"rates":{"update":5.18,"success":5.18}}}}
{"version":"1","tagId":"26376","success":true,"timestamp":1540500094.034,"data":{"tagData":{},"anchorData":[],"coordinates":{"x":3351,"y":-75,"z":0},"orientation":{"yaw":2.225,"roll":0.06,"pitch":-0.132},"metrics":{"latency":50.9,"rates":{"update":5.26,"success":5.26}}}}
{"version":"1","tagId":"26457","success":true,"timestamp":1540500094.151,"data":{"tagData":{},"anchorData":[],"coordinates":{"x":2284,"y":-88,"z":0},"orientation":{"yaw":0.363,"roll":-0.014,"pitch":-0.027},"metrics":{"latency":103.7,"rates":{"update":5.1,"success":5.1}}}}
{"version":"1","tagId":"26376","success":true,"timestamp":1540500094.349,"data":{"tagData":{},"anchorData":[],"coordinates":{"x":3268,"y":-273,"z":0},"orientation":{"yaw":2.21,"roll":-0.071,"pitch":-0.087},"metrics":{"latency":45.6,"rates":{"update":4.95,"success":4.95}}}}
{"version":"1","tagId":"26457","success":true,"timestamp":1540500094.411,"data":{"tagData":{},"anchorData":[],"coordinates":{"x":2308,"y":-82,"z":0},"orientation":{"yaw":0.363,"roll":-0.014,"pitch":-0.027},"metrics":{"latency":96.2,"rates":{"update":4.95,"success":4.95}}}}
{"version":"1","tagId":"26376","success":true,"timestamp":1540500094.511,"data":{"tagData":{},"anchorData":[],"coordinates":{"x":3359,"y":-517,"z":0},"orientation":{"yaw":2.137,"roll":-0.101,"pitch":-0.029},"metrics":{"latency":45.9,"rates":{"update":5.05,"success":5.05}}}}
{"version":"1","tagId":"26457","success":true,"timestamp":1540500094.561,"data":{"tagData":{},"anchorData":[],"coordinates":{"x":2286,"y":-53,"z":0},"orientation":{"yaw":0.363,"roll":-0.014,"pitch":-0.027},"metrics":{"latency":78.8,"rates":{"update":5.13,"success":5.13}}}}
{"version":"1","tagId":"26376","success":true,"timestamp":1540500094.701,"data":{"tagData":{},"anchorData":[],"coordinates":{"x":3312,"y":-771,"z":0},"orientation":{"yaw":2.041,"roll":0.014,"pitch":0.027},"metrics":{"latency":47.5,"rates":{"update":5.07,"success":5.07}}}}
{"version":"1","tagId":"26457","success":true,"timestamp":1540500094.803,"data":{"tagData":{},"anchorData":[],"coordinates":{"x":2257,"y":-42,"z":0},"orientation":{"yaw":0.363,"roll":-0.014,"pitch":-0.027},"metrics":{"latency":69.6,"rates":{"update":5.03,"success":5.03}}}}
{"version":"1","tagId":"26376","success":true,"timestamp":1540500094.895,"data":{"tagData":{},"anchorData":[],"coordinates":{"x":3192,"y":-697,"z":0},"orientation":{"yaw":1.933,"roll":-0.011,"pitch":0.04},"metrics":{"latency":55,"rates":{"update":5.06,"success":5.06}}}}
{"version":"1","tagId":"26457","success":true,"timestamp":1540500094.959,"data":{"tagData":{},"anchorData":[],"coordinates":{"x":2302,"y":-77,"z":0},"orientation":{"yaw":0.363,"roll":-0.014,"pitch":-0.027},"metrics":{"latency":38.9,"rates":{"update":5.23,"success":5.23}}}}
{"version":"1","tagId":"26376","success":true,"timestamp":1540500095.003,"data":{"tagData":{},"anchorData":[],"coordinates":{"x":3176,"y":-763,"z":0},"orientation":{"yaw":1.79,"roll":0.003,"pitch":0.051},"metrics":{"latency":54.7,"rates":{"update":5.3,"success":5.3}}}}
{"version":"1","tagId":"26457","success":true,"timestamp":1540500095.065,"data":{"tagData":{},"anchorData":[],"coordinates":{"x":2304,"y":-119,"z":0},"orientation":{"yaw":0.363,"roll":-0.014,"pitch":-0.027},"metrics":{"latency":56.8,"rates":{"update":5.42,"success":5.42}}}}
{"version":"1","tagId":"26376","success":true,"timestamp":1540500095.204,"data":{"tagData":{},"anchorData":[],"coordinates":{"x":3055,"y":-1215,"z":0},"orientation":{"yaw":1.509,"roll":-0.065,"pitch":0.038},"metrics":{"latency":53.9,"rates":{"update":5.26,"success":5.26}}}}
{"version":"1","tagId":"26457","success":true,"timestamp":1540500095.373,"data":{"tagData":{},"anchorData":[],"coordinates":{"x":2334,"y":-74,"z":0},"orientation":{"yaw":0.363,"roll":-0.014,"pitch":-0.027},"metrics":{"latency":104.9,"rates":{"update":4.96,"success":4.96}}}}
{"version":"1","tagId":"26376","success":true,"timestamp":1540500095.502,"data":{"tagData":{},"anchorData":[],"coordinates":{"x":3097,"y":-1287,"z":0},"orientation":{"yaw":1.461,"roll":-0.036,"pitch":0.112},"metrics":{"latency":47,"rates":{"update":5,"success":5}}}}
{"version":"1","tagId":"26457","success":true,"timestamp":1540500095.555,"data":{"tagData":{},"anchorData":[],"coordinates":{"x":2330,"y":-28,"z":0},"orientation":{"yaw":0.363,"roll":-0.014,"pitch":-0.027},"metrics":{"latency":52.9,"rates":{"update":5.14,"success":5.14}}}}
{"version":"1","tagId":"26376","success":true,"timestamp":1540500095.694,"data":{"tagData":{},"anchorData":[],"coordinates":{"x":3182,"y":-1160,"z":0},"orientation":{"yaw":1.549,"roll":-0.012,"pitch":0},"metrics":{"latency":51.4,"rates":{"update":5.01,"success":5.01}}}}
{"version":"1","tagId":"26457","success":true,"timestamp":1540500095.824,"data":{"tagData":{},"anchorData":[],"coordinates":{"x":2328,"y":-73,"z":0},"orientation":{"yaw":0.363,"roll":-0.014,"pitch":-0.027},"metrics":{"latency":109.7,"rates":{"update":4.81,"success":4.81}}}}
{"version":"1","tagId":"26376","success":true,"timestamp":1540500095.967,"data":{"tagData":{},"anchorData":[],"coordinates":{"x":3200,"y":-1269,"z":0},"orientation":{"yaw":1.714,"roll":-0.005,"pitch":0.127},"metrics":{"latency":53.2,"rates":{"update":4.83,"success":4.83}}}}
{"version":"1","tagId":"26457","success":true,"timestamp":1540500096.034,"data":{"tagData":{},"anchorData":[],"coordinates":{"x":2323,"y":-85,"z":0},"orientation":{"yaw":0.363,"roll":-0.014,"pitch":-0.027},"metrics":{"latency":50.9,"rates":{"update":4.95,"success":4.95}}}}
{"version":"1","tagId":"26376","success":true,"timestamp":1540500096.103,"data":{"tagData":{},"anchorData":[],"coordinates":{"x":3215,"y":-1599,"z":0},"orientation":{"yaw":1.724,"roll":0.043,"pitch":0.118},"metrics":{"latency":55.9,"rates":{"update":4.99,"success":4.99}}}}
{"version":"1","tagId":"26457","success":true,"timestamp":1540500096.275,"data":{"tagData":{},"anchorData":[],"coordinates":{"x":2295,"y":-55,"z":0},"orientation":{"yaw":0.363,"roll":-0.014,"pitch":-0.027},"metrics":{"latency":58.8,"rates":{"update":4.84,"success":4.84}}}}
{"version":"1","tagId":"26376","success":true,"timestamp":1540500096.379,"data":{"tagData":{},"anchorData":[],"coordinates":{"x":3011,"y":-1700,"z":0},"orientation":{"yaw":1.722,"roll":0.037,"pitch":0.106},"metrics":{"latency":49.9,"rates":{"update":4.82,"success":4.82}}}}
{"version":"1","tagId":"26457","success":true,"timestamp":1540500096.469,"data":{"tagData":{},"anchorData":[],"coordinates":{"x":2298,"y":-85,"z":0},"orientation":{"yaw":0.363,"roll":-0.014,"pitch":-0.027},"metrics":{"latency":80.5,"rates":{"update":4.82,"success":4.82}}}}
{"version":"1","tagId":"26376","success":true,"timestamp":1540500096.552,"data":{"tagData":{},"anchorData":[],"coordinates":{"x":3069,"y":-1821,"z":0},"orientation":{"yaw":1.709,"roll":-0.019,"pitch":0.075},"metrics":{"latency":55.2,"rates":{"update":4.89,"success":4.89}}}}
{"version":"1","tagId":"26457","success":true,"timestamp":1540500096.682,"data":{"tagData":{},"anchorData":[],"coordinates":{"x":2318,"y":-49,"z":0},"orientation":{"yaw":0.363,"roll":-0.014,"pitch":-0.027},"metrics":{"latency":104.1,"rates":{"update":4.75,"success":4.75}}}}
{"version":"1","tagId":"26376","success":true,"timestamp":1540500096.863,"data":{"tagData":{},"anchorData":[],"coordinates":{"x":3006,"y":-1489,"z":0},"orientation":{"yaw":1.654,"roll":-0.035,"pitch":0.091},"metrics":{"latency":46.2,"rates":{"update":4.67,"success":4.67}}}}
{"version":"1","tagId":"26457","success":true,"timestamp":1540500096.926,"data":{"tagData":{},"anchorData":[],"coordinates":{"x":2321,"y":-73,"z":0},"orientation":{"yaw":0.363,"roll":-0.014,"pitch":-0.027},"metrics":{"latency":97.9,"rates":{"update":4.69,"success":4.69}}}}
{"version":"1","tagId":"26376","success":true,"timestamp":1540500097.027,"data":{"tagData":{},"anchorData":[],"coordinates":{"x":3075,"y":-1441,"z":0},"orientation":{"yaw":1.618,"roll":-0.039,"pitch":0.072},"metrics":{"latency":53.8,"rates":{"update":4.76,"success":4.76}}}}
{"version":"1","tagId":"26457","success":true,"timestamp":1540500097.093,"data":{"tagData":{},"anchorData":[],"coordinates":{"x":2311,"y":-94,"z":0},"orientation":{"yaw":0.363,"roll":-0.014,"pitch":-0.027},"metrics":{"latency":60.8,"rates":{"update":4.88,"success":4.88}}}}
{"version":"1","tagId":"26376","success":true,"timestamp":1540500097.224,"data":{"tagData":{},"anchorData":[],"coordinates":{"x":3169,"y":-1508,"z":0},"orientation":{"yaw":1.619,"roll":-0.028,"pitch":0.065},"metrics":{"latency":46.3,"rates":{"update":4.81,"success":4.81}}}}
{"version":"1","tagId":"26457","success":true,"timestamp":1540500097.338,"data":{"tagData":{},"anchorData":[],"coordinates":{"x":2274,"y":-47,"z":0},"orientation":{"yaw":0.363,"roll":-0.014,"pitch":-0.027},"metrics":{"latency":52.5,"rates":{"update":4.8,"success":4.8}}}}
{"version":"1","tagId":"26376","success":true,"timestamp":1540500097.41,"data":{"tagData":{},"anchorData":[],"coordinates":{"x":3144,"y":-1547,"z":0},"orientation":{"yaw":1.642,"roll":-0.011,"pitch":0.053},"metrics":{"latency":53.1,"rates":{"update":4.85,"success":4.85}}}}
{"version":"1","tagId":"26457","success":true,"timestamp":1540500097.472,"data":{"tagData":{},"anchorData":[],"coordinates":{"x":2244,"y":-9,"z":0},"orientation":{"yaw":0.363,"roll":-0.014,"pitch":-0.027},"metrics":{"latency":43.8,"rates":{"update":5,"success":5}}}}
{"version":"1","tagId":"26376","success":true,"timestamp":1540500097.52,"data":{"tagData":{},"anchorData":[],"coordinates":{"x":3147,"y":-1598,"z":0},"orientation":{"yaw":1.665,"roll":0.005,"pitch":0.056},"metrics":{"latency":51.9,"rates":{"update":5.09,"success":5.09}}}}
{"version":"1","tagId":"26457","success":true,"timestamp":1540500097.578,"data":{"tagData":{},"anchorData":[],"coordinates":{"x":2306,"y":21,"z":0},"orientation":{"yaw":0.363,"roll":-0.014,"pitch":-0.027},"metrics":{"latency":54.8,"rates":{"update":5.22,"success":5.22}}}}
{"version":"1","tagId":"26376","success":true,"timestamp":1540500097.705,"data":{"tagData":{},"anchorData":[],"coordinates":{"x":3119,"y":-1647,"z":0},"orientation":{"yaw":1.665,"roll":0.009,"pitch":0.077},"metrics":{"latency":51.9,"rates":{"update":5.12,"success":5.12}}}}
{"version":"1","tagId":"26457","success":true,"timestamp":1540500097.825,"data":{"tagData":{},"anchorData":[],"coordinates":{"x":2270,"y":2,"z":0},"orientation":{"yaw":0.363,"roll":-0.014,"pitch":-0.027},"metrics":{"latency":49,"rates":{"update":5.09,"success":5.09}}}}
{"version":"1","tagId":"26376","success":true,"timestamp":1540500097.903,"data":{"tagData":{},"anchorData":[],"coordinates":{"x":3125,"y":-1740,"z":0},"orientation":{"yaw":1.646,"roll":-0.016,"pitch":0.081},"metrics":{"latency":51.9,"rates":{"update":5.11,"success":5.11}}}}
{"version":"1","tagId":"26457","success":true,"timestamp":1540500097.963,"data":{"tagData":{},"anchorData":[],"coordinates":{"x":2293,"y":-31,"z":0},"orientation":{"yaw":0.363,"roll":-0.014,"pitch":-0.027},"metrics":{"latency":46.6,"rates":{"update":5.25,"success":5.25}}}}
{"version":"1","tagId":"26376","success":true,"timestamp":1540500098.018,"data":{"tagData":{},"anchorData":[],"coordinates":{"x":3127,"y":-1291,"z":0},"orientation":{"yaw":1.642,"roll":-0.031,"pitch":0.094},"metrics":{"latency":54,"rates":{"update":5.32,"success":5.32}}}}
{"version":"1","tagId":"26457","success":true,"timestamp":1540500098.084,"data":{"tagData":{},"anchorData":[],"coordinates":{"x":2283,"y":-69,"z":0},"orientation":{"yaw":0.363,"roll":-0.014,"pitch":-0.027},"metrics":{"latency":44.9,"rates":{"update":5.46,"success":5.46}}}}
{"version":"1","tagId":"26376","success":true,"timestamp":1540500098.15,"data":{"tagData":{},"anchorData":[],"coordinates":{"x":3153,"y":-1319,"z":0},"orientation":{"yaw":1.653,"roll":-0.028,"pitch":0.12},"metrics":{"latency":49.9,"rates":{"update":5.5,"success":5.5}}}}
{"version":"1","tagId":"26457","success":true,"timestamp":1540500098.298,"data":{"tagData":{},"anchorData":[],"coordinates":{"x":2325,"y":-90,"z":0},"orientation":{"yaw":0.363,"roll":-0.014,"pitch":-0.027},"metrics":{"latency":44.8,"rates":{"update":5.37,"success":5.37}}}}
{"version":"1","tagId":"26376","success":true,"timestamp":1540500098.372,"data":{"tagData":{},"anchorData":[],"coordinates":{"x":3189,"y":-1420,"z":0},"orientation":{"yaw":1.652,"roll":-0.058,"pitch":0.165},"metrics":{"latency":46.2,"rates":{"update":5.39,"success":5.39}}}}
{"version":"1","tagId":"26457","success":true,"timestamp":1540500098.422,"data":{"tagData":{},"anchorData":[],"coordinates":{"x":2306,"y":-58,"z":0},"orientation":{"yaw":0.363,"roll":-0.014,"pitch":-0.027},"metrics":{"latency":49.3,"rates":{"update":5.54,"success":5.54}}}}
{"version":"1","tagId":"26376","success":true,"timestamp":1540500098.475,"data":{"tagData":{},"anchorData":[],"coordinates":{"x":3125,"y":-1401,"z":0},"orientation":{"yaw":1.657,"roll":-0.049,"pitch":0.168},"metrics":{"latency":47.8,"rates":{"update":5.64,"success":5.64}}}}
{"version":"1","tagId":"26457","success":true,"timestamp":1540500098.527,"data":{"tagData":{},"anchorData":[],"coordinates":{"x":2307,"y":-40,"z":0},"orientation":{"yaw":0.363,"roll":-0.014,"pitch":-0.027},"metrics":{"latency":80,"rates":{"update":5.68,"success":5.68}}}}
{"version":"1","tagId":"26376","success":true,"timestamp":1540500098.624,"data":{"tagData":{},"anchorData":[],"coordinates":{"x":3160,"y":-1328,"z":0},"orientation":{"yaw":1.649,"roll":-0.049,"pitch":0.157},"metrics":{"latency":47.9,"rates":{"update":5.73,"success":5.73}}}}
{"version":"1","tagId":"26457","success":true,"timestamp":1540500098.719,"data":{"tagData":{},"anchorData":[],"coordinates":{"x":2295,"y":-49,"z":0},"orientation":{"yaw":0.363,"roll":-0.014,"pitch":-0.027},"metrics":{"latency":104.9,"rates":{"update":5.55,"success":5.55}}}}
{"version":"1","tagId":"26376","success":true,"timestamp":1540500098.889,"data":{"tagData":{},"anchorData":[],"coordinates":{"x":3110,"y":-1518,"z":0},"orientation":{"yaw":1.637,"roll":-0.011,"pitch":0.149},"metrics":{"latency":51.6,"rates":{"update":5.43,"success":5.43}}}}
{"version":"1","tagId":"26457","success":true,"timestamp":1540500098.949,"data":{"tagData":{},"anchorData":[],"coordinates":{"x":2280,"y":-50,"z":0},"orientation":{"yaw":0.363,"roll":-0.014,"pitch":-0.027},"metrics":{"latency":110.5,"rates":{"update":5.38,"success":5.38}}}}
{"version":"1","tagId":"26376","success":true,"timestamp":1540500099.068,"data":{"tagData":{},"anchorData":[],"coordinates":{"x":3081,"y":-1610,"z":0},"orientation":{"yaw":1.638,"roll":-0.009,"pitch":0.154},"metrics":{"latency":52.9,"rates":{"update":5.44,"success":5.44}}}}
{"version":"1","tagId":"26457","success":true,"timestamp":1540500099.181,"data":{"tagData":{},"anchorData":[],"coordinates":{"x":2290,"y":-30,"z":0},"orientation":{"yaw":0.363,"roll":-0.014,"pitch":-0.027},"metrics":{"latency":112,"rates":{"update":5.25,"success":5.25}}}}
{"version":"1","tagId":"26376","success":true,"timestamp":1540500099.389,"data":{"tagData":{},"anchorData":[],"coordinates":{"x":3119,"y":-1525,"z":0},"orientation":{"yaw":1.658,"roll":0.019,"pitch":0.167},"metrics":{"latency":47.9,"rates":{"update":5.08,"success":5.08}}}}
{"version":"1","tagId":"26457","success":true,"timestamp":1540500099.457,"data":{"tagData":{},"anchorData":[],"coordinates":{"x":2307,"y":-40,"z":0},"orientation":{"yaw":0.363,"roll":-0.014,"pitch":-0.027},"metrics":{"latency":83.1,"rates":{"update":5.1,"success":5.1}}}}
{"version":"1","tagId":"26376","success":true,"timestamp":1540500099.543,"data":{"tagData":{},"anchorData":[],"coordinates":{"x":3143,"y":-1340,"z":0},"orientation":{"yaw":1.643,"roll":-0.002,"pitch":0.191},"metrics":{"latency":53.3,"rates":{"update":5.18,"success":5.18}}}}
{"version":"1","tagId":"26457","success":true,"timestamp":1540500099.67,"data":{"tagData":{},"anchorData":[],"coordinates":{"x":2318,"y":-37,"z":0},"orientation":{"yaw":0.363,"roll":-0.014,"pitch":-0.027},"metrics":{"latency":104.3,"rates":{"update":5,"success":5}}}}
{"version":"1","tagId":"26376","success":true,"timestamp":1540500099.851,"data":{"tagData":{},"anchorData":[],"coordinates":{"x":3129,"y":-1442,"z":0},"orientation":{"yaw":1.585,"roll":0.027,"pitch":0.157},"metrics":{"latency":46.4,"rates":{"update":4.9,"success":4.9}}}}
{"version":"1","tagId":"26457","success":true,"timestamp":1540500099.916,"data":{"tagData":{},"anchorData":[],"coordinates":{"x":2308,"y":-36,"z":0},"orientation":{"yaw":0.363,"roll":-0.014,"pitch":-0.027},"metrics":{"latency":103.8,"rates":{"update":4.89,"success":4.89}}}}
{"version":"1","tagId":"26376","success":true,"timestamp":1540500100.022,"data":{"tagData":{},"anchorData":[],"coordinates":{"x":3081,"y":-1537,"z":0},"orientation":{"yaw":1.575,"roll":0.023,"pitch":0.156},"metrics":{"latency":46.9,"rates":{"update":4.98,"success":4.98}}}}
{"version":"1","tagId":"26457","success":true,"timestamp":1540500100.073,"data":{"tagData":{},"anchorData":[],"coordinates":{"x":2295,"y":-49,"z":0},"orientation":{"yaw":0.363,"roll":-0.014,"pitch":-0.027},"metrics":{"latency":78.8,"rates":{"update":5.07,"success":5.07}}}}
{"version":"1","tagId":"26376","success":true,"timestamp":1540500100.238,"data":{"tagData":{},"anchorData":[],"coordinates":{"x":3111,"y":-1541,"z":0},"orientation":{"yaw":1.581,"roll":0.019,"pitch":0.151},"metrics":{"latency":49,"rates":{"update":4.94,"success":4.94}}}}
{"version":"1","tagId":"26457","success":true,"timestamp":1540500100.355,"data":{"tagData":{},"anchorData":[],"coordinates":{"x":2308,"y":-47,"z":0},"orientation":{"yaw":0.363,"roll":-0.014,"pitch":-0.027},"metrics":{"latency":36.4,"rates":{"update":4.96,"success":4.96}}}}
{"version":"1","tagId":"26376","success":true,"timestamp":1540500100.409,"data":{"tagData":{},"anchorData":[],"coordinates":{"x":3129,"y":-1412,"z":0},"orientation":{"yaw":1.608,"roll":-0.017,"pitch":0.156},"metrics":{"latency":51.5,"rates":{"update":5.02,"success":5.01}}}}
{"version":"1","tagId":"26457","success":true,"timestamp":1540500100.47,"data":{"tagData":{},"anchorData":[],"coordinates":{"x":2325,"y":-90,"z":0},"orientation":{"yaw":0.363,"roll":-0.014,"pitch":-0.027},"metrics":{"latency":37,"rates":{"update":5.18,"success":5.18}}}}
{"version":"1","tagId":"26376","success":true,"timestamp":1540500100.512,"data":{"tagData":{},"anchorData":[],"coordinates":{"x":2919,"y":-1630,"z":0},"orientation":{"yaw":1.624,"roll":-0.013,"pitch":0.153},"metrics":{"latency":46.8,"rates":{"update":5.28,"success":5.28}}}}
{"version":"1","tagId":"26457","success":true,"timestamp":1540500100.563,"data":{"tagData":{},"anchorData":[],"coordinates":{"x":2261,"y":-65,"z":0},"orientation":{"yaw":0.363,"roll":-0.014,"pitch":-0.027},"metrics":{"latency":66.1,"rates":{"update":5.38,"success":5.38}}}}
{"version":"1","tagId":"26376","success":true,"timestamp":1540500100.685,"data":{"tagData":{},"anchorData":[],"coordinates":{"x":3081,"y":-1487,"z":0},"orientation":{"yaw":1.645,"roll":-0.007,"pitch":0.158},"metrics":{"latency":46.3,"rates":{"update":5.33,"success":5.33}}}}
{"version":"1","tagId":"26457","success":true,"timestamp":1540500100.799,"data":{"tagData":{},"anchorData":[],"coordinates":{"x":2259,"y":-41,"z":0},"orientation":{"yaw":0.363,"roll":-0.014,"pitch":-0.027},"metrics":{"latency":69.9,"rates":{"update":5.23,"success":5.23}}}}
{"version":"1","tagId":"26376","success":true,"timestamp":1540500100.889,"data":{"tagData":{},"anchorData":[],"coordinates":{"x":3039,"y":-1494,"z":0},"orientation":{"yaw":1.665,"roll":0.001,"pitch":0.17},"metrics":{"latency":47.9,"rates":{"update":5.28,"success":5.28}}}}
{"version":"1","tagId":"26457","success":true,"timestamp":1540500100.942,"data":{"tagData":{},"anchorData":[],"coordinates":{"x":2297,"y":-35,"z":0},"orientation":{"yaw":0.363,"roll":-0.014,"pitch":-0.027},"metrics":{"latency":44.2,"rates":{"update":5.44,"success":5.44}}}}
{"version":"1","tagId":"26376","success":true,"timestamp":1540500100.99,"data":{"tagData":{},"anchorData":[],"coordinates":{"x":3023,"y":-1552,"z":0},"orientation":{"yaw":1.662,"roll":-0.001,"pitch":0.152},"metrics":{"latency":47.9,"rates":{"update":5.53,"success":5.53}}}}
{"version":"1","tagId":"26457","success":true,"timestamp":1540500101.044,"data":{"tagData":{},"anchorData":[],"coordinates":{"x":2275,"y":103,"z":0},"orientation":{"yaw":0.363,"roll":-0.014,"pitch":-0.027},"metrics":{"latency":68.3,"rates":{"update":5.62,"success":5.62}}}}
{"version":"1","tagId":"26376","success":true,"timestamp":1540500101.184,"data":{"tagData":{},"anchorData":[],"coordinates":{"x":2783,"y":-1833,"z":0},"orientation":{"yaw":1.65,"roll":0.002,"pitch":0.147},"metrics":{"latency":50.7,"rates":{"update":5.49,"success":5.49}}}}
{"version":"1","tagId":"26457","success":true,"timestamp":1540500101.32,"data":{"tagData":{},"anchorData":[],"coordinates":{"x":2279,"y":-25,"z":0},"orientation":{"yaw":0.363,"roll":-0.014,"pitch":-0.027},"metrics":{"latency":35,"rates":{"update":5.42,"success":5.42}}}}
{"version":"1","tagId":"26376","success":true,"timestamp":1540500101.371,"data":{"tagData":{},"anchorData":[],"coordinates":{"x":2890,"y":-1689,"z":0},"orientation":{"yaw":1.643,"roll":0.005,"pitch":0.149},"metrics":{"latency":46.8,"rates":{"update":5.48,"success":5.48}}}}
{"version":"1","tagId":"26457","success":true,"timestamp":1540500101.421,"data":{"tagData":{},"anchorData":[],"coordinates":{"x":2295,"y":-49,"z":0},"orientation":{"yaw":0.363,"roll":-0.014,"pitch":-0.027},"metrics":{"latency":44.9,"rates":{"update":5.65,"success":5.65}}}}
{"version":"1","tagId":"26376","success":true,"timestamp":1540500101.47,"data":{"tagData":{},"anchorData":[],"coordinates":{"x":3019,"y":-1501,"z":0},"orientation":{"yaw":1.653,"roll":0.013,"pitch":0.14},"metrics":{"latency":47.3,"rates":{"update":5.75,"success":5.75}}}}
{"version":"1","tagId":"26457","success":true,"timestamp":1540500101.52,"data":{"tagData":{},"anchorData":[],"coordinates":{"x":2284,"y":-88,"z":0},"orientation":{"yaw":0.363,"roll":-0.014,"pitch":-0.027},"metrics":{"latency":59.8,"rates":{"update":5.85,"success":5.85}}}}
{"version":"1","tagId":"26376","success":true,"timestamp":1540500101.589,"data":{"tagData":{},"anchorData":[],"coordinates":{"x":3004,"y":-1465,"z":0},"orientation":{"yaw":1.668,"roll":0.013,"pitch":0.142},"metrics":{"latency":55.9,"rates":{"update":5.9,"success":5.9}}}}
{"version":"1","tagId":"26457","success":true,"timestamp":1540500101.74,"data":{"tagData":{},"anchorData":[],"coordinates":{"x":2323,"y":-66,"z":0},"orientation":{"yaw":0.363,"roll":-0.014,"pitch":-0.027},"metrics":{"latency":81.9,"rates":{"update":5.62,"success":5.62}}}}
{"version":"1","tagId":"26376","success":true,"timestamp":1540500101.866,"data":{"tagData":{},"anchorData":[],"coordinates":{"x":3063,"y":-1366,"z":0},"orientation":{"yaw":1.706,"roll":0.046,"pitch":0.163},"metrics":{"latency":53,"rates":{"update":5.56,"success":5.56}}}}
{"version":"1","tagId":"26457","success":true,"timestamp":1540500101.925,"data":{"tagData":{},"anchorData":[],"coordinates":{"x":2304,"y":-80,"z":0},"orientation":{"yaw":0.363,"roll":-0.014,"pitch":-0.027},"metrics":{"latency":109.9,"rates":{"update":5.51,"success":5.51}}}}
{"version":"1","tagId":"26376","success":true,"timestamp":1540500102.039,"data":{"tagData":{},"anchorData":[],"coordinates":{"x":3036,"y":-1358,"z":0},"orientation":{"yaw":1.718,"roll":0.045,"pitch":0.165},"metrics":{"latency":54,"rates":{"update":5.58,"success":5.58}}}}
{"version":"1","tagId":"26457","success":true,"timestamp":1540500102.118,"data":{"tagData":{},"anchorData":[],"coordinates":{"x":2312,"y":-116,"z":0},"orientation":{"yaw":0.363,"roll":-0.014,"pitch":-0.027},"metrics":{"latency":70.8,"rates":{"update":5.6,"success":5.6}}}}
{"version":"1","tagId":"26376","success":true,"timestamp":1540500102.3,"data":{"tagData":{},"anchorData":[],"coordinates":{"x":3017,"y":-1332,"z":0},"orientation":{"yaw":1.738,"roll":0.057,"pitch":0.149},"metrics":{"latency":47.6,"rates":{"update":5.35,"success":5.35}}}}
{"version":"1","tagId":"26457","success":true,"timestamp":1540500102.375,"data":{"tagData":{},"anchorData":[],"coordinates":{"x":2289,"y":-60,"z":0},"orientation":{"yaw":0.363,"roll":-0.014,"pitch":-0.027},"metrics":{"latency":43.3,"rates":{"update":5.44,"success":5.44}}}}
{"version":"1","tagId":"26376","success":true,"timestamp":1540500102.423,"data":{"tagData":{},"anchorData":[],"coordinates":{"x":3055,"y":-1647,"z":0},"orientation":{"yaw":1.743,"roll":0.061,"pitch":0.147},"metrics":{"latency":45.9,"rates":{"update":5.55,"success":5.55}}}}
{"version":"1","tagId":"26457","success":true,"timestamp":1540500102.472,"data":{"tagData":{},"anchorData":[],"coordinates":{"x":2300,"y":-44,"z":0},"orientation":{"yaw":0.363,"roll":-0.014,"pitch":-0.027},"metrics":{"latency":66.9,"rates":{"update":5.64,"success":5.64}}}}
{"version":"1","tagId":"26376","success":true,"timestamp":1540500102.542,"data":{"tagData":{},"anchorData":[],"coordinates":{"x":3060,"y":-1696,"z":0},"orientation":{"yaw":1.744,"roll":0.058,"pitch":0.144},"metrics":{"latency":57.3,"rates":{"update":5.71,"success":5.71}}}}
{"version":"1","tagId":"26457","success":true,"timestamp":1540500102.617,"data":{"tagData":{},"anchorData":[],"coordinates":{"x":2298,"y":-50,"z":0},"orientation":{"yaw":0.363,"roll":-0.014,"pitch":-0.027},"metrics":{"latency":51.9,"rates":{"update":5.79,"success":5.79}}}}
{"version":"1","tagId":"26376","success":true,"timestamp":1540500102.725,"data":{"tagData":{},"anchorData":[],"coordinates":{"x":3072,"y":-1669,"z":0},"orientation":{"yaw":1.746,"roll":0.063,"pitch":0.144},"metrics":{"latency":46.9,"rates":{"update":5.71,"success":5.71}}}}
{"version":"1","tagId":"26457","success":true,"timestamp":1540500102.856,"data":{"tagData":{},"anchorData":[],"coordinates":{"x":2283,"y":10,"z":0},"orientation":{"yaw":0.363,"roll":-0.014,"pitch":-0.027},"metrics":{"latency":42.1,"rates":{"update":5.61,"success":5.61}}}}
{"version":"1","tagId":"26376","success":true,"timestamp":1540500102.914,"data":{"tagData":{},"anchorData":[],"coordinates":{"x":3051,"y":-1672,"z":0},"orientation":{"yaw":1.741,"roll":0.062,"pitch":0.142},"metrics":{"latency":48.9,"rates":{"update":5.66,"success":5.66}}}}
{"version":"1","tagId":"26457","success":true,"timestamp":1540500102.967,"data":{"tagData":{},"anchorData":[],"coordinates":{"x":2285,"y":-17,"z":0},"orientation":{"yaw":0.363,"roll":-0.014,"pitch":-0.027},"metrics":{"latency":58,"rates":{"update":5.77,"success":5.77}}}}
{"version":"1","tagId":"26376","success":true,"timestamp":1540500103.032,"data":{"tagData":{},"anchorData":[],"coordinates":{"x":3046,"y":-1755,"z":0},"orientation":{"yaw":1.728,"roll":0.061,"pitch":0.135},"metrics":{"latency":48,"rates":{"update":5.86,"success":5.86}}}}
{"version":"1","tagId":"26457","success":true,"timestamp":1540500103.085,"data":{"tagData":{},"anchorData":[],"coordinates":{"x":2283,"y":-22,"z":0},"orientation":{"yaw":0.363,"roll":-0.014,"pitch":-0.027},"metrics":{"latency":59.8,"rates":{"update":5.96,"success":5.96}}}}
{"version":"1","tagId":"26376","success":true,"timestamp":1540500103.236,"data":{"tagData":{},"anchorData":[],"coordinates":{"x":3029,"y":-1948,"z":0},"orientation":{"yaw":1.707,"roll":0.045,"pitch":0.121},"metrics":{"latency":48.8,"rates":{"update":5.74,"success":5.74}}}}
{"version":"1","tagId":"26457","success":true,"timestamp":1540500103.341,"data":{"tagData":{},"anchorData":[],"coordinates":{"x":2259,"y":-29,"z":0},"orientation":{"yaw":0.363,"roll":-0.014,"pitch":-0.027},"metrics":{"latency":37,"rates":{"update":5.73,"success":5.73}}}}
{"version":"1","tagId":"26376","success":true,"timestamp":1540500103.397,"data":{"tagData":{},"anchorData":[],"coordinates":{"x":3024,"y":-1628,"z":0},"orientation":{"yaw":1.692,"roll":0.046,"pitch":0.115},"metrics":{"latency":46.9,"rates":{"update":5.8,"success":5.79}}}}
{"version":"1","tagId":"26457","success":true,"timestamp":1540500103.452,"data":{"tagData":{},"anchorData":[],"coordinates":{"x":2275,"y":-62,"z":0},"orientation":{"yaw":0.363,"roll":-0.014,"pitch":-0.027},"metrics":{"latency":50,"rates":{"update":5.9,"success":5.9}}}}
{"version":"1","tagId":"26376","success":true,"timestamp":1540500103.506,"data":{"tagData":{},"anchorData":[],"coordinates":{"x":3007,"y":-1563,"z":0},"orientation":{"yaw":1.688,"roll":0.052,"pitch":0.11},"metrics":{"latency":47.6,"rates":{"update":6.01,"success":6.01}}}}
{"version":"1","tagId":"26457","success":true,"timestamp":1540500103.557,"data":{"tagData":{},"anchorData":[],"coordinates":{"x":2290,"y":-77,"z":0},"orientation":{"yaw":0.363,"roll":-0.014,"pitch":-0.027},"metrics":{"latency":68.8,"rates":{"update":6.07,"success":6.07}}}}
{"version":"1","tagId":"26376","success":true,"timestamp":1540500103.688,"data":{"tagData":{},"anchorData":[],"coordinates":{"x":3090,"y":-1440,"z":0},"orientation":{"yaw":1.673,"roll":0.053,"pitch":0.101},"metrics":{"latency":49,"rates":{"update":5.95,"success":5.95}}}}
{"version":"1","tagId":"26457","success":true,"timestamp":1540500103.808,"data":{"tagData":{},"anchorData":[],"coordinates":{"x":2308,"y":-47,"z":0},"orientation":{"yaw":0.363,"roll":-0.014,"pitch":-0.027},"metrics":{"latency":50.9,"rates":{"update":5.83,"success":5.83}}}}
{"version":"1","tagId":"26376","success":true,"timestamp":1540500103.878,"data":{"tagData":{},"anchorData":[],"coordinates":{"x":2749,"y":-1802,"z":0},"orientation":{"yaw":1.667,"roll":0.049,"pitch":0.11},"metrics":{"latency":45.9,"rates":{"update":5.89,"success":5.89}}}}
{"version":"1","tagId":"26457","success":true,"timestamp":1540500103.929,"data":{"tagData":{},"anchorData":[],"coordinates":{"x":2310,"y":-75,"z":0},"orientation":{"yaw":0.363,"roll":-0.014,"pitch":-0.027},"metrics":{"latency":46.7,"rates":{"update":6.02,"success":6.02}}}}
{"version":"1","tagId":"26376","success":true,"timestamp":1540500103.98,"data":{"tagData":{},"anchorData":[],"coordinates":{"x":2813,"y":-1802,"z":0},"orientation":{"yaw":1.672,"roll":0.057,"pitch":0.111},"metrics":{"latency":54.1,"rates":{"update":6.1,"success":6.1}}}}
{"version":"1","tagId":"26457","success":true,"timestamp":1540500104.042,"data":{"tagData":{},"anchorData":[],"coordinates":{"x":2321,"y":-73,"z":0},"orientation":{"yaw":0.363,"roll":-0.014,"pitch":-0.027},"metrics":{"latency":69.8,"rates":{"update":6.13,"success":6.13}}}}
{"version":"1","tagId":"26376","success":true,"timestamp":1540500104.188,"data":{"tagData":{},"anchorData":[],"coordinates":{"x":2868,"y":-1864,"z":0},"orientation":{"yaw":1.684,"roll":0.072,"pitch":0.111},"metrics":{"latency":49,"rates":{"update":5.96,"success":5.96}}}}
{"version":"1","tagId":"26457","success":true,"timestamp":1540500104.315,"data":{"tagData":{},"anchorData":[],"coordinates":{"x":2298,"y":-85,"z":0},"orientation":{"yaw":0.363,"roll":-0.014,"pitch":-0.027},"metrics":{"latency":41.9,"rates":{"update":5.84,"success":5.84}}}}
{"version":"1","tagId":"26376","success":true,"timestamp":1540500104.375,"data":{"tagData":{},"anchorData":[],"coordinates":{"x":2882,"y":-1517,"z":0},"orientation":{"yaw":1.707,"roll":0.097,"pitch":0.1},"metrics":{"latency":48.5,"rates":{"update":5.89,"success":5.89}}}}
{"version":"1","tagId":"26457","success":true,"timestamp":1540500104.43,"data":{"tagData":{},"anchorData":[],"coordinates":{"x":2278,"y":-92,"z":0},"orientation":{"yaw":0.363,"roll":-0.014,"pitch":-0.027},"metrics":{"latency":43.9,"rates":{"update":6.03,"success":6.03}}}}
{"version":"1","tagId":"26376","success":true,"timestamp":1540500104.48,"data":{"tagData":{},"anchorData":[],"coordinates":{"x":2890,"y":-1505,"z":0},"orientation":{"yaw":1.717,"roll":0.1,"pitch":0.111},"metrics":{"latency":54.4,"rates":{"update":6.1,"success":6.1}}}}
{"version":"1","tagId":"26457","success":true,"timestamp":1540500104.54,"data":{"tagData":{},"anchorData":[],"coordinates":{"x":2278,"y":-92,"z":0},"orientation":{"yaw":0.363,"roll":-0.014,"pitch":-0.027},"metrics":{"latency":44.9,"rates":{"update":6.23,"success":6.23}}}}
{"version":"1","tagId":"26376","success":true,"timestamp":1540500104.601,"data":{"tagData":{},"anchorData":[],"coordinates":{"x":2899,"y":-1748,"z":0},"orientation":{"yaw":1.728,"roll":0.111,"pitch":0.105},"metrics":{"latency":50.9,"rates":{"update":6.28,"success":6.28}}}}
{"version":"1","tagId":"26457","success":true,"timestamp":1540500104.705,"data":{"tagData":{},"anchorData":[],"coordinates":{"x":2280,"y":-66,"z":0},"orientation":{"yaw":0.363,"roll":-0.014,"pitch":-0.027},"metrics":{"latency":106.8,"rates":{"update":5.99,"success":5.99}}}}
{"version":"1","tagId":"26376","success":true,"timestamp":1540500104.894,"data":{"tagData":{},"anchorData":[],"coordinates":{"x":2877,"y":-2007,"z":0},"orientation":{"yaw":1.755,"roll":0.131,"pitch":0.052},"metrics":{"latency":52.8,"rates":{"update":5.79,"success":5.79}}}}
{"version":"1","tagId":"26457","success":true,"timestamp":1540500104.971,"data":{"tagData":{},"anchorData":[],"coordinates":{"x":2331,"y":-35,"z":0},"orientation":{"yaw":0.363,"roll":-0.014,"pitch":-0.027},"metrics":{"latency":96.3,"rates":{"update":5.68,"success":5.68}}}}
{"version":"1","tagId":"26376","success":true,"timestamp":1540500105.071,"data":{"tagData":{},"anchorData":[],"coordinates":{"x":2904,"y":-1887,"z":0},"orientation":{"yaw":1.77,"roll":0.14,"pitch":0.109},"metrics":{"latency":50,"rates":{"update":5.78,"success":5.78}}}}
{"version":"1","tagId":"26457","success":true,"timestamp":1540500105.185,"data":{"tagData":{},"anchorData":[],"coordinates":{"x":2284,"y":-88,"z":0},"orientation":{"yaw":0.363,"roll":-0.014,"pitch":-0.027},"metrics":{"latency":112.9,"rates":{"update":5.51,"success":5.51}}}}
{"version":"1","tagId":"26376","success":true,"timestamp":1540500105.402,"data":{"tagData":{},"anchorData":[],"coordinates":{"x":2880,"y":-1501,"z":0},"orientation":{"yaw":1.694,"roll":0.075,"pitch":0.112},"metrics":{"latency":54.6,"rates":{"update":5.29,"success":5.29}}}}
{"version":"1","tagId":"26457","success":true,"timestamp":1540500105.484,"data":{"tagData":{},"anchorData":[],"coordinates":{"x":2323,"y":-62,"z":0},"orientation":{"yaw":0.363,"roll":-0.014,"pitch":-0.027},"metrics":{"latency":55.9,"rates":{"update":5.33,"success":5.33}}}}
{"version":"1","tagId":"26376","success":true,"timestamp":1540500105.546,"data":{"tagData":{},"anchorData":[],"coordinates":{"x":2900,"y":-1531,"z":0},"orientation":{"yaw":1.636,"roll":0.096,"pitch":0.116},"metrics":{"latency":61.8,"rates":{"update":5.39,"success":5.39}}}}
{"version":"1","tagId":"26457","success":true,"timestamp":1540500105.622,"data":{"tagData":{},"anchorData":[],"coordinates":{"x":2320,"y":-103,"z":0},"orientation":{"yaw":0.363,"roll":-0.014,"pitch":-0.027},"metrics":{"latency":45.9,"rates":{"update":5.51,"success":5.51}}}}
{"version":"1","tagId":"26376","success":true,"timestamp":1540500105.715,"data":{"tagData":{},"anchorData":[],"coordinates":{"x":2771,"y":-1779,"z":0},"orientation":{"yaw":1.654,"roll":0.141,"pitch":0.131},"metrics":{"latency":55.2,"rates":{"update":5.46,"success":5.46}}}}
{"version":"1","tagId":"26457","success":true,"timestamp":1540500105.87,"data":{"tagData":{},"anchorData":[],"coordinates":{"x":2321,"y":-109,"z":0},"orientation":{"yaw":0.363,"roll":-0.014,"pitch":-0.027},"metrics":{"latency":38,"rates":{"update":5.34,"success":5.34}}}}
{"version":"1","tagId":"26376","success":true,"timestamp":1540500105.927,"data":{"tagData":{},"anchorData":[],"coordinates":{"x":3118,"y":-1739,"z":0},"orientation":{"yaw":1.697,"roll":0.153,"pitch":0.119},"metrics":{"latency":58.8,"rates":{"update":5.37,"success":5.37}}}}
{"version":"1","tagId":"26457","success":true,"timestamp":1540500105.995,"data":{"tagData":{},"anchorData":[],"coordinates":{"x":2305,"y":-65,"z":0},"orientation":{"yaw":0.363,"roll":-0.014,"pitch":-0.027},"metrics":{"latency":125.7,"rates":{"update":5.27,"success":5.27}}}}
{"version":"1","tagId":"26376","success":true,"timestamp":1540500106.191,"data":{"tagData":{},"anchorData":[],"coordinates":{"x":2843,"y":-2111,"z":0},"orientation":{"yaw":1.734,"roll":0.206,"pitch":0.124},"metrics":{"latency":48.9,"rates":{"update":5.18,"success":5.18}}}}
{"version":"1","tagId":"26457","success":true,"timestamp":1540500106.319,"data":{"tagData":{},"anchorData":[],"coordinates":{"x":2323,"y":-101,"z":0},"orientation":{"yaw":0.363,"roll":-0.014,"pitch":-0.027},"metrics":{"latency":53.3,"rates":{"update":5.1,"success":5.1}}}}
{"version":"1","tagId":"26376","success":true,"timestamp":1540500106.394,"data":{"tagData":{},"anchorData":[],"coordinates":{"x":3058,"y":-1832,"z":0},"orientation":{"yaw":1.716,"roll":0.188,"pitch":0.108},"metrics":{"latency":50,"rates":{"update":5.15,"success":5.15}}}}
{"version":"1","tagId":"26457","success":true,"timestamp":1540500106.453,"data":{"tagData":{},"anchorData":[],"coordinates":{"x":2308,"y":-70,"z":0},"orientation":{"yaw":0.363,"roll":-0.014,"pitch":-0.027},"metrics":{"latency":49.9,"rates":{"update":5.28,"success":5.28}}}}
{"version":"1","tagId":"26376","success":true,"timestamp":1540500106.508,"data":{"tagData":{},"anchorData":[],"coordinates":{"x":3068,"y":-1982,"z":0},"orientation":{"yaw":1.709,"roll":0.212,"pitch":0.123},"metrics":{"latency":50.9,"rates":{"update":5.37,"success":5.37}}}}
{"version":"1","tagId":"26457","success":true,"timestamp":1540500106.565,"data":{"tagData":{},"anchorData":[],"coordinates":{"x":2293,"y":-67,"z":0},"orientation":{"yaw":0.363,"roll":-0.014,"pitch":-0.027},"metrics":{"latency":66.3,"rates":{"update":5.45,"success":5.45}}}}
{"version":"1","tagId":"26376","success":true,"timestamp":1540500106.672,"data":{"tagData":{},"anchorData":[],"coordinates":{"x":3001,"y":-2035,"z":0},"orientation":{"yaw":1.71,"roll":0.22,"pitch":0.105},"metrics":{"latency":45.9,"rates":{"update":5.45,"success":5.45}}}}
{"version":"1","tagId":"26457","success":true,"timestamp":1540500106.795,"data":{"tagData":{},"anchorData":[],"coordinates":{"x":2285,"y":-94,"z":0},"orientation":{"yaw":0.363,"roll":-0.014,"pitch":-0.027},"metrics":{"latency":59,"rates":{"update":5.34,"success":5.34}}}}
{"version":"1","tagId":"26376","success":true,"timestamp":1540500106.872,"data":{"tagData":{},"anchorData":[],"coordinates":{"x":3013,"y":-2235,"z":0},"orientation":{"yaw":1.731,"roll":0.24,"pitch":0.123},"metrics":{"latency":47.8,"rates":{"update":5.39,"success":5.39}}}}
{"version":"1","tagId":"26457","success":true,"timestamp":1540500106.925,"data":{"tagData":{},"anchorData":[],"coordinates":{"x":2267,"y":-64,"z":0},"orientation":{"yaw":0.363,"roll":-0.014,"pitch":-0.027},"metrics":{"latency":48.9,"rates":{"update":5.54,"success":5.54}}}}
{"version":"1","tagId":"26376","success":true,"timestamp":1540500106.981,"data":{"tagData":{},"anchorData":[],"coordinates":{"x":2969,"y":-2190,"z":0},"orientation":{"yaw":1.727,"roll":0.26,"pitch":0.123},"metrics":{"latency":52.3,"rates":{"update":5.61,"success":5.61}}}}
{"version":"1","tagId":"26457","success":true,"timestamp":1540500107.038,"data":{"tagData":{},"anchorData":[],"coordinates":{"x":2265,"y":-58,"z":0},"orientation":{"yaw":0.363,"roll":-0.014,"pitch":-0.027},"metrics":{"latency":90.9,"rates":{"update":5.62,"success":5.62}}}}
{"version":"1","tagId":"26376","success":true,"timestamp":1540500107.17,"data":{"tagData":{},"anchorData":[],"coordinates":{"x":3082,"y":-2080,"z":0},"orientation":{"yaw":1.72,"roll":0.241,"pitch":0.13},"metrics":{"latency":47.9,"rates":{"update":5.59,"success":5.59}}}}
{"version":"1","tagId":"26457","success":true,"timestamp":1540500107.306,"data":{"tagData":{},"anchorData":[],"coordinates":{"x":2278,"y":-50,"z":0},"orientation":{"yaw":0.363,"roll":-0.014,"pitch":-0.027},"metrics":{"latency":42.9,"rates":{"update":5.49,"success":5.49}}}}
{"version":"1","tagId":"26376","success":true,"timestamp":1540500107.38,"data":{"tagData":{},"anchorData":[],"coordinates":{"x":3078,"y":-1986,"z":0},"orientation":{"yaw":1.704,"roll":0.241,"pitch":0.158},"metrics":{"latency":48.6,"rates":{"update":5.49,"success":5.49}}}}
{"version":"1","tagId":"26457","success":true,"timestamp":1540500107.435,"data":{"tagData":{},"anchorData":[],"coordinates":{"x":2311,"y":-34,"z":0},"orientation":{"yaw":0.363,"roll":-0.014,"pitch":-0.027},"metrics":{"latency":108.7,"rates":{"update":5.45,"success":5.45}}}}
{"version":"1","tagId":"26376","success":true,"timestamp":1540500107.55,"data":{"tagData":{},"anchorData":[],"coordinates":{"x":2878,"y":-2107,"z":0},"orientation":{"yaw":1.682,"roll":0.242,"pitch":0.157},"metrics":{"latency":53.5,"rates":{"update":5.52,"success":5.52}}}}
{"version":"1","tagId":"26457","success":true,"timestamp":1540500107.614,"data":{"tagData":{},"anchorData":[],"coordinates":{"x":2318,"y":-37,"z":0},"orientation":{"yaw":0.363,"roll":-0.014,"pitch":-0.027},"metrics":{"latency":81.8,"rates":{"update":5.54,"success":5.54}}}}
{"version":"1","tagId":"26376","success":true,"timestamp":1540500107.78,"data":{"tagData":{},"anchorData":[],"coordinates":{"x":2845,"y":-1713,"z":0},"orientation":{"yaw":1.669,"roll":0.218,"pitch":0.196},"metrics":{"latency":54,"rates":{"update":5.37,"success":5.37}}}}
{"version":"1","tagId":"26457","success":true,"timestamp":1540500107.852,"data":{"tagData":{},"anchorData":[],"coordinates":{"x":2282,"y":-74,"z":0},"orientation":{"yaw":0.363,"roll":-0.014,"pitch":-0.027},"metrics":{"latency":86.5,"rates":{"update":5.36,"success":5.36}}}}
{"version":"1","tagId":"26376","success":true,"timestamp":1540500107.942,"data":{"tagData":{},"anchorData":[],"coordinates":{"x":2906,"y":-2155,"z":0},"orientation":{"yaw":1.695,"roll":0.204,"pitch":0.203},"metrics":{"latency":54.6,"rates":{"update":5.44,"success":5.44}}}}
{"version":"1","tagId":"26457","success":true,"timestamp":1540500108.005,"data":{"tagData":{},"anchorData":[],"coordinates":{"x":2292,"y":-89,"z":0},"orientation":{"yaw":0.363,"roll":-0.014,"pitch":-0.027},"metrics":{"latency":46.9,"rates":{"update":5.58,"success":5.58}}}}
{"version":"1","tagId":"26376","success":true,"timestamp":1540500108.056,"data":{"tagData":{},"anchorData":[],"coordinates":{"x":2905,"y":-2148,"z":0},"orientation":{"yaw":1.704,"roll":0.203,"pitch":0.184},"metrics":{"latency":53.5,"rates":{"update":5.66,"success":5.66}}}}
{"version":"1","tagId":"26457","success":true,"timestamp":1540500108.146,"data":{"tagData":{},"anchorData":[],"coordinates":{"x":2306,"y":-126,"z":0},"orientation":{"yaw":0.363,"roll":-0.014,"pitch":-0.027},"metrics":{"latency":45.9,"rates":{"update":5.7,"success":5.7}}}}
{"version":"1","tagId":"26376","success":true,"timestamp":1540500108.273,"data":{"tagData":{},"anchorData":[],"coordinates":{"x":2917,"y":-2107,"z":0},"orientation":{"yaw":1.698,"roll":0.18,"pitch":0.135},"metrics":{"latency":48.1,"rates":{"update":5.55,"success":5.55}}}}
{"version":"1","tagId":"26457","success":true,"timestamp":1540500108.36,"data":{"tagData":{},"anchorData":[],"coordinates":{"x":2278,"y":-92,"z":0},"orientation":{"yaw":0.363,"roll":-0.014,"pitch":-0.027},"metrics":{"latency":47.9,"rates":{"update":5.57,"success":5.57}}}}
{"version":"1","tagId":"26376","success":true,"timestamp":1540500108.427,"data":{"tagData":{},"anchorData":[],"coordinates":{"x":2933,"y":-1833,"z":0},"orientation":{"yaw":1.691,"roll":0.163,"pitch":0.111},"metrics":{"latency":47.4,"rates":{"update":5.63,"success":5.63}}}}
{"version":"1","tagId":"26457","success":true,"timestamp":1540500108.478,"data":{"tagData":{},"anchorData":[],"coordinates":{"x":2293,"y":-93,"z":0},"orientation":{"yaw":0.363,"roll":-0.014,"pitch":-0.027},"metrics":{"latency":50.9,"rates":{"update":5.76,"success":5.76}}}}
{"version":"1","tagId":"26376","success":true,"timestamp":1540500108.533,"data":{"tagData":{},"anchorData":[],"coordinates":{"x":2948,"y":-1767,"z":0},"orientation":{"yaw":1.695,"roll":0.151,"pitch":0.107},"metrics":{"latency":49.3,"rates":{"update":5.86,"success":5.86}}}}
{"version":"1","tagId":"26457","success":true,"timestamp":1540500108.586,"data":{"tagData":{},"anchorData":[],"coordinates":{"x":2321,"y":-73,"z":0},"orientation":{"yaw":0.363,"roll":-0.014,"pitch":-0.027},"metrics":{"latency":71.8,"rates":{"update":5.91,"success":5.91}}}}
{"version":"1","tagId":"26376","success":true,"timestamp":1540500108.708,"data":{"tagData":{},"anchorData":[],"coordinates":{"x":3026,"y":-1927,"z":0},"orientation":{"yaw":1.722,"roll":0.179,"pitch":0.142},"metrics":{"latency":48.9,"rates":{"update":5.85,"success":5.85}}}}
{"version":"1","tagId":"26457","success":true,"timestamp":1540500108.826,"data":{"tagData":{},"anchorData":[],"coordinates":{"x":2296,"y":-60,"z":0},"orientation":{"yaw":0.363,"roll":-0.014,"pitch":-0.027},"metrics":{"latency":65.9,"rates":{"update":5.7,"success":5.7}}}}
{"version":"1","tagId":"26376","success":true,"timestamp":1540500108.912,"data":{"tagData":{},"anchorData":[],"coordinates":{"x":3048,"y":-2081,"z":0},"orientation":{"yaw":1.733,"roll":0.171,"pitch":0.122},"metrics":{"latency":53.9,"rates":{"update":5.72,"success":5.72}}}}
{"version":"1","tagId":"26457","success":true,"timestamp":1540500108.971,"data":{"tagData":{},"anchorData":[],"coordinates":{"x":2284,"y":-88,"z":0},"orientation":{"yaw":0.363,"roll":-0.014,"pitch":-0.027},"metrics":{"latency":39,"rates":{"update":5.89,"success":5.89}}}}
{"version":"1","tagId":"26376","success":true,"timestamp":1540500109.017,"data":{"tagData":{},"anchorData":[],"coordinates":{"x":3020,"y":-1808,"z":0},"orientation":{"yaw":1.751,"roll":0.169,"pitch":0.145},"metrics":{"latency":49,"rates":{"update":5.97,"success":5.97}}}}
{"version":"1","tagId":"26457","success":true,"timestamp":1540500109.07,"data":{"tagData":{},"anchorData":[],"coordinates":{"x":2321,"y":-73,"z":0},"orientation":{"yaw":0.363,"roll":-0.014,"pitch":-0.027},"metrics":{"latency":62.8,"rates":{"update":6.05,"success":6.05}}}}
{"version":"1","tagId":"26376","success":true,"timestamp":1540500109.209,"data":{"tagData":{},"anchorData":[],"coordinates":{"x":2964,"y":-1582,"z":0},"orientation":{"yaw":1.868,"roll":0.227,"pitch":0.214},"metrics":{"latency":43.9,"rates":{"update":5.91,"success":5.91}}}}
{"version":"1","tagId":"26457","success":true,"timestamp":1540500109.34,"data":{"tagData":{},"anchorData":[],"coordinates":{"x":2283,"y":6,"z":0},"orientation":{"yaw":0.363,"roll":-0.014,"pitch":-0.027},"metrics":{"latency":33.9,"rates":{"update":5.79,"success":5.79}}}}
{"version":"1","tagId":"26376","success":true,"timestamp":1540500109.393,"data":{"tagData":{},"anchorData":[],"coordinates":{"x":3177,"y":-1593,"z":0},"orientation":{"yaw":2.039,"roll":0.228,"pitch":0.158},"metrics":{"latency":48.8,"rates":{"update":5.84,"success":5.84}}}}
{"version":"1","tagId":"26457","success":true,"timestamp":1540500109.447,"data":{"tagData":{},"anchorData":[],"coordinates":{"x":2309,"y":-1,"z":0},"orientation":{"yaw":0.363,"roll":-0.014,"pitch":-0.027},"metrics":{"latency":39.8,"rates":{"update":6,"success":6}}}}
{"version":"1","tagId":"26376","success":true,"timestamp":1540500109.49,"data":{"tagData":{},"anchorData":[],"coordinates":{"x":3251,"y":-1604,"z":0},"orientation":{"yaw":2.086,"roll":0.25,"pitch":0.173},"metrics":{"latency":45.8,"rates":{"update":6.11,"success":6.11}}}}
{"version":"1","tagId":"26457","success":true,"timestamp":1540500109.539,"data":{"tagData":{},"anchorData":[],"coordinates":{"x":2271,"y":-21,"z":0},"orientation":{"yaw":0.363,"roll":-0.014,"pitch":-0.027},"metrics":{"latency":82.8,"rates":{"update":6.11,"success":6.11}}}}
{"version":"1","tagId":"26376","success":true,"timestamp":1540500109.697,"data":{"tagData":{},"anchorData":[],"coordinates":{"x":3394,"y":-1402,"z":0},"orientation":{"yaw":2.198,"roll":0.204,"pitch":0.178},"metrics":{"latency":45.1,"rates":{"update":5.96,"success":5.96}}}}
{"version":"1","tagId":"26457","success":true,"timestamp":1540500109.812,"data":{"tagData":{},"anchorData":[],"coordinates":{"x":2258,"y":-9,"z":0},"orientation":{"yaw":0.363,"roll":-0.014,"pitch":-0.027},"metrics":{"latency":37,"rates":{"update":5.89,"success":5.89}}}}
{"version":"1","tagId":"26376","success":true,"timestamp":1540500109.865,"data":{"tagData":{},"anchorData":[],"coordinates":{"x":3465,"y":-1516,"z":0},"orientation":{"yaw":2.194,"roll":0.158,"pitch":0.202},"metrics":{"latency":48.7,"rates":{"update":5.94,"success":5.94}}}}
{"version":"1","tagId":"26457","success":true,"timestamp":1540500109.917,"data":{"tagData":{},"anchorData":[],"coordinates":{"x":2299,"y":-50,"z":0},"orientation":{"yaw":0.363,"roll":-0.014,"pitch":-0.027},"metrics":{"latency":48.9,"rates":{"update":6.07,"success":6.07}}}}
{"version":"1","tagId":"26376","success":true,"timestamp":1540500109.969,"data":{"tagData":{},"anchorData":[],"coordinates":{"x":3545,"y":-1678,"z":0},"orientation":{"yaw":2.175,"roll":0.135,"pitch":0.264},"metrics":{"latency":47.3,"rates":{"update":6.19,"success":6.19}}}}
{"version":"1","tagId":"26457","success":true,"timestamp":1540500110.019,"data":{"tagData":{},"anchorData":[],"coordinates":{"x":2289,"y":-53,"z":0},"orientation":{"yaw":0.363,"roll":-0.014,"pitch":-0.027},"metrics":{"latency":68.6,"rates":{"update":6.24,"success":6.24}}}}
{"version":"1","tagId":"26376","success":true,"timestamp":1540500110.091,"data":{"tagData":{},"anchorData":[],"coordinates":{"x":3776,"y":-1939,"z":0},"orientation":{"yaw":2.215,"roll":0.109,"pitch":0.259},"metrics":{"latency":51.9,"rates":{"update":6.33,"success":6.33}}}}
{"version":"1","tagId":"26457","success":true,"timestamp":1540500110.22,"data":{"tagData":{},"anchorData":[],"coordinates":{"x":2295,"y":-75,"z":0},"orientation":{"yaw":0.363,"roll":-0.014,"pitch":-0.027},"metrics":{"latency":107.8,"rates":{"update":5.94,"success":5.94}}}}
{"version":"1","tagId":"26376","success":true,"timestamp":1540500110.406,"data":{"tagData":{},"anchorData":[],"coordinates":{"x":3668,"y":-1521,"z":0},"orientation":{"yaw":2.487,"roll":0.243,"pitch":0.274},"metrics":{"latency":46.7,"rates":{"update":5.77,"success":5.77}}}}
{"version":"1","tagId":"26457","success":true,"timestamp":1540500110.456,"data":{"tagData":{},"anchorData":[],"coordinates":{"x":2320,"y":-61,"z":0},"orientation":{"yaw":0.363,"roll":-0.014,"pitch":-0.027},"metrics":{"latency":103.4,"rates":{"update":5.73,"success":5.73}}}}
{"version":"1","tagId":"26376","success":true,"timestamp":1540500110.564,"data":{"tagData":{},"anchorData":[],"coordinates":{"x":3996,"y":-1287,"z":0},"orientation":{"yaw":2.64,"roll":0.229,"pitch":0.193},"metrics":{"latency":56.2,"rates":{"update":5.79,"success":5.79}}}}
{"version":"1","tagId":"26457","success":true,"timestamp":1540500110.682,"data":{"tagData":{},"anchorData":[],"coordinates":{"x":2321,"y":-52,"z":0},"orientation":{"yaw":0.363,"roll":-0.014,"pitch":-0.027},"metrics":{"latency":100.7,"rates":{"update":5.57,"success":5.57}}}}
{"version":"1","tagId":"26376","success":true,"timestamp":1540500110.857,"data":{"tagData":{},"anchorData":[],"coordinates":{"x":4131,"y":-1120,"z":0},"orientation":{"yaw":2.906,"roll":0.281,"pitch":0.18},"metrics":{"latency":46.9,"rates":{"update":5.44,"success":5.44}}}}
{"version":"1","tagId":"26457","success":true,"timestamp":1540500110.921,"data":{"tagData":{},"anchorData":[],"coordinates":{"x":2258,"y":-35,"z":0},"orientation":{"yaw":0.363,"roll":-0.014,"pitch":-0.027},"metrics":{"latency":101.9,"rates":{"update":5.39,"success":5.39}}}}
{"version":"1","tagId":"26376","success":true,"timestamp":1540500111.025,"data":{"tagData":{},"anchorData":[],"coordinates":{"x":4200,"y":-1215,"z":0},"orientation":{"yaw":3.006,"roll":0.183,"pitch":0.117},"metrics":{"latency":45.9,"rates":{"update":5.49,"success":5.49}}}}
{"version":"1","tagId":"26457","success":true,"timestamp":1540500111.074,"data":{"tagData":{},"anchorData":[],"coordinates":{"x":2282,"y":-15,"z":0},"orientation":{"yaw":0.363,"roll":-0.014,"pitch":-0.027},"metrics":{"latency":100.7,"rates":{"update":5.49,"success":5.49}}}}
{"version":"1","tagId":"26376","success":true,"timestamp":1540500111.225,"data":{"tagData":{},"anchorData":[],"coordinates":{"x":4231,"y":-1331,"z":0},"orientation":{"yaw":3.195,"roll":0.119,"pitch":0.205},"metrics":{"latency":52.8,"rates":{"update":5.42,"success":5.42}}}}
{"version":"1","tagId":"26457","success":true,"timestamp":1540500111.365,"data":{"tagData":{},"anchorData":[],"coordinates":{"x":2283,"y":-19,"z":0},"orientation":{"yaw":0.363,"roll":-0.014,"pitch":-0.027},"metrics":{"latency":40,"rates":{"update":5.35,"success":5.35}}}}
{"version":"1","tagId":"26376","success":true,"timestamp":1540500111.423,"data":{"tagData":{},"anchorData":[],"coordinates":{"x":4334,"y":-1213,"z":0},"orientation":{"yaw":3.338,"roll":0.106,"pitch":0.317},"metrics":{"latency":46,"rates":{"update":5.4,"success":5.4}}}}
{"version":"1","tagId":"26457","success":true,"timestamp":1540500111.472,"data":{"tagData":{},"anchorData":[],"coordinates":{"x":2316,"y":-9,"z":0},"orientation":{"yaw":0.363,"roll":-0.014,"pitch":-0.027},"metrics":{"latency":56,"rates":{"update":5.54,"success":5.54}}}}
{"version":"1","tagId":"26376","success":true,"timestamp":1540500111.533,"data":{"tagData":{},"anchorData":[],"coordinates":{"x":4229,"y":-1229,"z":0},"orientation":{"yaw":3.365,"roll":0.065,"pitch":0.304},"metrics":{"latency":53,"rates":{"update":5.6,"success":5.6}}}}
{"version":"1","tagId":"26457","success":true,"timestamp":1540500111.598,"data":{"tagData":{},"anchorData":[],"coordinates":{"x":2290,"y":-30,"z":0},"orientation":{"yaw":0.363,"roll":-0.014,"pitch":-0.027},"metrics":{"latency":57.8,"rates":{"update":5.7,"success":5.7}}}}
{"version":"1","tagId":"26376","success":true,"timestamp":1540500111.736,"data":{"tagData":{},"anchorData":[],"coordinates":{"x":4453,"y":-1370,"z":0},"orientation":{"yaw":3.164,"roll":-0.079,"pitch":0.333},"metrics":{"latency":46.9,"rates":{"update":5.55,"success":5.55}}}}
{"version":"1","tagId":"26457","success":true,"timestamp":1540500111.85,"data":{"tagData":{},"anchorData":[],"coordinates":{"x":2339,"y":-105,"z":0},"orientation":{"yaw":0.363,"roll":-0.014,"pitch":-0.027},"metrics":{"latency":39.9,"rates":{"update":5.52,"success":5.52}}}}
{"version":"1","tagId":"26376","success":true,"timestamp":1540500111.909,"data":{"tagData":{},"anchorData":[],"coordinates":{"x":4457,"y":-1160,"z":0},"orientation":{"yaw":3.071,"roll":0.118,"pitch":0.319},"metrics":{"latency":45,"rates":{"update":5.58,"success":5.58}}}}
{"version":"1","tagId":"26457","success":true,"timestamp":1540500111.957,"data":{"tagData":{},"anchorData":[],"coordinates":{"x":2325,"y":-108,"z":0},"orientation":{"yaw":0.363,"roll":-0.014,"pitch":-0.027},"metrics":{"latency":48.2,"rates":{"update":5.73,"success":5.73}}}}
{"version":"1","tagId":"26376","success":true,"timestamp":1540500112.007,"data":{"tagData":{},"anchorData":[],"coordinates":{"x":4702,"y":-1122,"z":0},"orientation":{"yaw":2.992,"roll":0.075,"pitch":0.337},"metrics":{"latency":46.8,"rates":{"update":5.83,"success":5.83}}}}
{"version":"1","tagId":"26457","success":true,"timestamp":1540500112.057,"data":{"tagData":{},"anchorData":[],"coordinates":{"x":2265,"y":-24,"z":0},"orientation":{"yaw":0.363,"roll":-0.014,"pitch":-0.027},"metrics":{"latency":74.6,"rates":{"update":5.89,"success":5.89}}}}
{"version":"1","tagId":"26376","success":true,"timestamp":1540500112.189,"data":{"tagData":{},"anchorData":[],"coordinates":{"x":4635,"y":-1110,"z":0},"orientation":{"yaw":3.025,"roll":0.051,"pitch":0.408},"metrics":{"latency":49.9,"rates":{"update":5.79,"success":5.79}}}}
{"version":"1","tagId":"26457","success":true,"timestamp":1540500112.32,"data":{"tagData":{},"anchorData":[],"coordinates":{"x":2382,"y":-147,"z":0},"orientation":{"yaw":0.363,"roll":-0.014,"pitch":-0.027},"metrics":{"latency":43.9,"rates":{"update":5.68,"success":5.68}}}}
{"version":"1","tagId":"26376","success":true,"timestamp":1540500112.381,"data":{"tagData":{},"anchorData":[],"coordinates":{"x":4833,"y":-1115,"z":0},"orientation":{"yaw":3.023,"roll":0.06,"pitch":0.347},"metrics":{"latency":46.4,"rates":{"update":5.74,"success":5.74}}}}
{"version":"1","tagId":"26457","success":true,"timestamp":1540500112.434,"data":{"tagData":{},"anchorData":[],"coordinates":{"x":2121,"y":163,"z":0},"orientation":{"yaw":0.363,"roll":-0.014,"pitch":-0.027},"metrics":{"latency":54.9,"rates":{"update":5.85,"success":5.85}}}}
{"version":"1","tagId":"26376","success":true,"timestamp":1540500112.494,"data":{"tagData":{},"anchorData":[],"coordinates":{"x":4879,"y":-1191,"z":0},"orientation":{"yaw":3.109,"roll":0.193,"pitch":0.485},"metrics":{"latency":51.9,"rates":{"update":5.93,"success":5.93}}}}
{"version":"1","tagId":"26457","success":true,"timestamp":1540500112.551,"data":{"tagData":{},"anchorData":[],"coordinates":{"x":2204,"y":53,"z":0},"orientation":{"yaw":0.363,"roll":-0.014,"pitch":-0.027},"metrics":{"latency":67.8,"rates":{"update":5.99,"success":5.99}}}}
{"version":"1","tagId":"26376","success":true,"timestamp":1540500112.683,"data":{"tagData":{},"anchorData":[],"coordinates":{"x":5049,"y":-973,"z":0},"orientation":{"yaw":3.227,"roll":0.196,"pitch":0.38},"metrics":{"latency":47.7,"rates":{"update":5.87,"success":5.87}}}}
{"version":"1","tagId":"26457","success":true,"timestamp":1540500112.798,"data":{"tagData":{},"anchorData":[],"coordinates":{"x":2296,"y":-47,"z":0},"orientation":{"yaw":0.363,"roll":-0.014,"pitch":-0.027},"metrics":{"latency":42.6,"rates":{"update":5.8,"success":5.8}}}}
{"version":"1","tagId":"26376","success":true,"timestamp":1540500112.856,"data":{"tagData":{},"anchorData":[],"coordinates":{"x":5023,"y":-1203,"z":0},"orientation":{"yaw":3.378,"roll":0.194,"pitch":0.491},"metrics":{"latency":46.9,"rates":{"update":5.86,"success":5.86}}}}
{"version":"1","tagId":"26457","success":true,"timestamp":1540500112.906,"data":{"tagData":{},"anchorData":[],"coordinates":{"x":2266,"y":-40,"z":0},"orientation":{"yaw":0.363,"roll":-0.014,"pitch":-0.027},"metrics":{"latency":67,"rates":{"update":5.94,"success":5.94}}}}
{"version":"1","tagId":"26376","success":true,"timestamp":1540500112.981,"data":{"tagData":{},"anchorData":[],"coordinates":{"x":4875,"y":-1287,"z":0},"orientation":{"yaw":3.427,"roll":0.132,"pitch":0.424},"metrics":{"latency":49.9,"rates":{"update":6.01,"success":6.01}}}}
{"version":"1","tagId":"26457","success":true,"timestamp":1540500113.034,"data":{"tagData":{},"anchorData":[],"coordinates":{"x":2310,"y":-75,"z":0},"orientation":{"yaw":0.363,"roll":-0.014,"pitch":-0.027},"metrics":{"latency":49.3,"rates":{"update":6.15,"success":6.15}}}}
{"version":"1","tagId":"26376","success":true,"timestamp":1540500113.086,"data":{"tagData":{},"anchorData":[],"coordinates":{"x":4946,"y":-1393,"z":0},"orientation":{"yaw":3.445,"roll":0.049,"pitch":0.381},"metrics":{"latency":50.9,"rates":{"update":6.24,"success":6.24}}}}
{"version":"1","tagId":"26457","success":true,"timestamp":1540500113.192,"data":{"tagData":{},"anchorData":[],"coordinates":{"x":2268,"y":-54,"z":0},"orientation":{"yaw":0.363,"roll":-0.014,"pitch":-0.027},"metrics":{"latency":104.7,"rates":{"update":5.97,"success":5.97}}}}
{"version":"1","tagId":"26376","success":true,"timestamp":1540500113.39,"data":{"tagData":{},"anchorData":[],"coordinates":{"x":5129,"y":-1614,"z":0},"orientation":{"yaw":3.468,"roll":0.118,"pitch":0.272},"metrics":{"latency":45,"rates":{"update":5.74,"success":5.74}}}}
{"version":"1","tagId":"26457","success":true,"timestamp":1540500113.453,"data":{"tagData":{},"anchorData":[],"coordinates":{"x":2346,"y":-50,"z":0},"orientation":{"yaw":0.363,"roll":-0.014,"pitch":-0.027},"metrics":{"latency":106.9,"rates":{"update":5.65,"success":5.64}}}}
{"version":"1","tagId":"26376","success":true,"timestamp":1540500113.565,"data":{"tagData":{},"anchorData":[],"coordinates":{"x":5009,"y":-1302,"z":0},"orientation":{"yaw":3.504,"roll":0.19,"pitch":0.309},"metrics":{"latency":58.9,"rates":{"update":5.7,"success":5.7}}}}
{"version":"1","tagId":"26457","success":true,"timestamp":1540500113.639,"data":{"tagData":{},"anchorData":[],"coordinates":{"x":2305,"y":-96,"z":0},"orientation":{"yaw":0.363,"roll":-0.014,"pitch":-0.027},"metrics":{"latency":52.3,"rates":{"update":5.79,"success":5.79}}}}
{"version":"1","tagId":"26376","success":true,"timestamp":1540500113.735,"data":{"tagData":{},"anchorData":[],"coordinates":{"x":5339,"y":-1227,"z":0},"orientation":{"yaw":3.49,"roll":0.17,"pitch":0.319},"metrics":{"latency":50.9,"rates":{"update":5.74,"success":5.74}}}}
{"version":"1","tagId":"26457","success":true,"timestamp":1540500113.87,"data":{"tagData":{},"anchorData":[],"coordinates":{"x":2312,"y":-46,"z":0},"orientation":{"yaw":0.363,"roll":-0.014,"pitch":-0.027},"metrics":{"latency":58.6,"rates":{"update":5.58,"success":5.58}}}}
{"version":"1","tagId":"26376","success":true,"timestamp":1540500113.95,"data":{"tagData":{},"anchorData":[],"coordinates":{"x":5496,"y":-1156,"z":0},"orientation":{"yaw":3.551,"roll":0.142,"pitch":0.252},"metrics":{"latency":52,"rates":{"update":5.61,"success":5.61}}}}
{"version":"1","tagId":"26457","success":true,"timestamp":1540500114.008,"data":{"tagData":{},"anchorData":[],"coordinates":{"x":2290,"y":-81,"z":0},"orientation":{"yaw":0.363,"roll":-0.014,"pitch":-0.027},"metrics":{"latency":35.1,"rates":{"update":5.79,"success":5.79}}}}
{"version":"1","tagId":"26376","success":true,"timestamp":1540500114.048,"data":{"tagData":{},"anchorData":[],"coordinates":{"x":5436,"y":-1259,"z":0},"orientation":{"yaw":3.536,"roll":0.177,"pitch":0.236},"metrics":{"latency":58.9,"rates":{"update":5.85,"success":5.85}}}}
{"version":"1","tagId":"26457","success":true,"timestamp":1540500114.125,"data":{"tagData":{},"anchorData":[],"coordinates":{"x":2286,"y":-48,"z":0},"orientation":{"yaw":0.363,"roll":-0.014,"pitch":-0.027},"metrics":{"latency":46.9,"rates":{"update":5.95,"success":5.95}}}}
{"version":"1","tagId":"26376","success":true,"timestamp":1540500114.217,"data":{"tagData":{},"anchorData":[],"coordinates":{"x":5116,"y":-1431,"z":0},"orientation":{"yaw":3.442,"roll":0.227,"pitch":0.211},"metrics":{"latency":47.1,"rates":{"update":5.89,"success":5.89}}}}
{"version":"1","tagId":"26457","success":true,"timestamp":1540500114.35,"data":{"tagData":{},"anchorData":[],"coordinates":{"x":2317,"y":-66,"z":0},"orientation":{"yaw":0.363,"roll":-0.014,"pitch":-0.027},"metrics":{"latency":51.9,"rates":{"update":5.73,"success":5.73}}}}
{"version":"1","tagId":"26376","success":true,"timestamp":1540500114.422,"data":{"tagData":{},"anchorData":[],"coordinates":{"x":5509,"y":-1135,"z":0},"orientation":{"yaw":3.279,"roll":0.275,"pitch":0.155},"metrics":{"latency":46.9,"rates":{"update":5.78,"success":5.78}}}}
{"version":"1","tagId":"26457","success":true,"timestamp":1540500114.473,"data":{"tagData":{},"anchorData":[],"coordinates":{"x":2298,"y":-111,"z":0},"orientation":{"yaw":0.363,"roll":-0.014,"pitch":-0.027},"metrics":{"latency":58.8,"rates":{"update":5.88,"success":5.88}}}}
{"version":"1","tagId":"26376","success":true,"timestamp":1540500114.537,"data":{"tagData":{},"anchorData":[],"coordinates":{"x":5539,"y":-1147,"z":0},"orientation":{"yaw":3.159,"roll":0.355,"pitch":0.179},"metrics":{"latency":49.1,"rates":{"update":5.97,"success":5.97}}}}
{"version":"1","tagId":"26457","success":true,"timestamp":1540500114.59,"data":{"tagData":{},"anchorData":[],"coordinates":{"x":2300,"y":-57,"z":0},"orientation":{"yaw":0.363,"roll":-0.014,"pitch":-0.027},"metrics":{"latency":58.3,"rates":{"update":6.08,"success":6.08}}}}
{"version":"1","tagId":"26376","success":true,"timestamp":1540500114.721,"data":{"tagData":{},"anchorData":[],"coordinates":{"x":5754,"y":-1183,"z":0},"orientation":{"yaw":3.169,"roll":0.131,"pitch":0.105},"metrics":{"latency":50,"rates":{"update":5.91,"success":5.91}}}}
{"version":"1","tagId":"26457","success":true,"timestamp":1540500114.834,"data":{"tagData":{},"anchorData":[],"coordinates":{"x":2253,"y":-64,"z":0},"orientation":{"yaw":0.363,"roll":-0.014,"pitch":-0.027},"metrics":{"latency":45,"rates":{"update":5.84,"success":5.84}}}}
{"version":"1","tagId":"26376","success":true,"timestamp":1540500114.902,"data":{"tagData":{},"anchorData":[],"coordinates":{"x":5622,"y":-1166,"z":0},"orientation":{"yaw":3.181,"roll":0.011,"pitch":0.183},"metrics":{"latency":47.5,"rates":{"update":5.88,"success":5.88}}}}
{"version":"1","tagId":"26457","success":true,"timestamp":1540500114.952,"data":{"tagData":{},"anchorData":[],"coordinates":{"x":2273,"y":-37,"z":0},"orientation":{"yaw":0.363,"roll":-0.014,"pitch":-0.027},"metrics":{"latency":47.2,"rates":{"update":6.02,"success":6.02}}}}
{"version":"1","tagId":"26376","success":true,"timestamp":1540500115.002,"data":{"tagData":{},"anchorData":[],"coordinates":{"x":5855,"y":-1035,"z":0},"orientation":{"yaw":3.207,"roll":0.004,"pitch":0.166},"metrics":{"latency":47.8,"rates":{"update":6.13,"success":6.13}}}}
{"version":"1","tagId":"26457","success":true,"timestamp":1540500115.053,"data":{"tagData":{},"anchorData":[],"coordinates":{"x":2275,"y":-62,"z":0},"orientation":{"yaw":0.363,"roll":-0.014,"pitch":-0.027},"metrics":{"latency":80.6,"rates":{"update":6.14,"success":6.14}}}}
{"version":"1","tagId":"26376","success":true,"timestamp":1540500115.191,"data":{"tagData":{},"anchorData":[],"coordinates":{"x":5964,"y":-1056,"z":0},"orientation":{"yaw":3.163,"roll":0.084,"pitch":0.164},"metrics":{"latency":50.9,"rates":{"update":6.02,"success":6.02}}}}
{"version":"1","tagId":"26457","success":true,"timestamp":1540500115.32,"data":{"tagData":{},"anchorData":[],"coordinates":{"x":2263,"y":-75,"z":0},"orientation":{"yaw":0.363,"roll":-0.014,"pitch":-0.027},"metrics":{"latency":34.9,"rates":{"update":5.92,"success":5.92}}}}
{"version":"1","tagId":"26376","success":true,"timestamp":1540500115.371,"data":{"tagData":{},"anchorData":[],"coordinates":{"x":6000,"y":-1003,"z":0},"orientation":{"yaw":3.207,"roll":0.159,"pitch":0.118},"metrics":{"latency":45.6,"rates":{"update":5.99,"success":5.99}}}}
{"version":"1","tagId":"26457","success":true,"timestamp":1540500115.42,"data":{"tagData":{},"anchorData":[],"coordinates":{"x":2263,"y":-75,"z":0},"orientation":{"yaw":0.363,"roll":-0.014,"pitch":-0.027},"metrics":{"latency":56.8,"rates":{"update":6.1,"success":6.1}}}}
{"version":"1","tagId":"26376","success":true,"timestamp":1540500115.48,"data":{"tagData":{},"anchorData":[],"coordinates":{"x":6178,"y":-1063,"z":0},"orientation":{"yaw":3.204,"roll":0.156,"pitch":0.093},"metrics":{"latency":48.9,"rates":{"update":6.19,"success":6.19}}}}
{"version":"1","tagId":"26457","success":true,"timestamp":1540500115.532,"data":{"tagData":{},"anchorData":[],"coordinates":{"x":2330,"y":-28,"z":0},"orientation":{"yaw":0.363,"roll":-0.014,"pitch":-0.027},"metrics":{"latency":79.1,"rates":{"update":6.21,"success":6.21}}}}
{"version":"1","tagId":"26376","success":true,"timestamp":1540500115.671,"data":{"tagData":{},"anchorData":[],"coordinates":{"x":6142,"y":-1069,"z":0},"orientation":{"yaw":3.256,"roll":0.118,"pitch":0.092},"metrics":{"latency":48.2,"rates":{"update":6.08,"success":6.08}}}}
{"version":"1","tagId":"26457","success":true,"timestamp":1540500115.783,"data":{"tagData":{},"anchorData":[],"coordinates":{"x":2308,"y":-59,"z":0},"orientation":{"yaw":0.363,"roll":-0.014,"pitch":-0.027},"metrics":{"latency":53.1,"rates":{"update":5.97,"success":5.97}}}}
{"version":"1","tagId":"26376","success":true,"timestamp":1540500115.853,"data":{"tagData":{},"anchorData":[],"coordinates":{"x":6132,"y":-1141,"z":0},"orientation":{"yaw":3.279,"roll":0.087,"pitch":0.161},"metrics":{"latency":46.5,"rates":{"update":6.03,"success":6.03}}}}
{"version":"1","tagId":"26457","success":true,"timestamp":1540500115.902,"data":{"tagData":{},"anchorData":[],"coordinates":{"x":2305,"y":-12,"z":0},"orientation":{"yaw":0.363,"roll":-0.014,"pitch":-0.027},"metrics":{"latency":53.6,"rates":{"update":6.14,"success":6.14}}}}
{"version":"1","tagId":"26376","success":true,"timestamp":1540500115.959,"data":{"tagData":{},"anchorData":[],"coordinates":{"x":6200,"y":-1113,"z":0},"orientation":{"yaw":3.277,"roll":0.051,"pitch":0.147},"metrics":{"latency":45.9,"rates":{"update":6.25,"success":6.25}}}}
{"version":"1","tagId":"26457","success":true,"timestamp":1540500116.008,"data":{"tagData":{},"anchorData":[],"coordinates":{"x":2305,"y":-16,"z":0},"orientation":{"yaw":0.363,"roll":-0.014,"pitch":-0.027},"metrics":{"latency":68.7,"rates":{"update":6.31,"success":6.31}}}}
{"version":"1","tagId":"26376","success":true,"timestamp":1540500116.08,"data":{"tagData":{},"anchorData":[],"coordinates":{"x":6094,"y":-1067,"z":0},"orientation":{"yaw":3.268,"roll":0.108,"pitch":0.182},"metrics":{"latency":53.2,"rates":{"update":6.38,"success":6.38}}}}
{"version":"1","tagId":"26457","success":true,"timestamp":1540500116.189,"data":{"tagData":{},"anchorData":[],"coordinates":{"x":2276,"y":-78,"z":0},"orientation":{"yaw":0.363,"roll":-0.014,"pitch":-0.027},"metrics":{"latency":115.8,"rates":{"update":6.04,"success":6.04}}}}
{"version":"1","tagId":"26376","success":true,"timestamp":1540500116.401,"data":{"tagData":{},"anchorData":[],"coordinates":{"x":5847,"y":-997,"z":0},"orientation":{"yaw":3.215,"roll":0.127,"pitch":0.152},"metrics":{"latency":51.9,"rates":{"update":5.78,"success":5.78}}}}
{"version":"1","tagId":"26457","success":true,"timestamp":1540500116.474,"data":{"tagData":{},"anchorData":[],"coordinates":{"x":2294,"y":-118,"z":0},"orientation":{"yaw":0.363,"roll":-0.014,"pitch":-0.027},"metrics":{"latency":81.6,"rates":{"update":5.75,"success":5.75}}}}
{"version":"1","tagId":"26376","success":true,"timestamp":1540500116.558,"data":{"tagData":{},"anchorData":[],"coordinates":{"x":5749,"y":-1129,"z":0},"orientation":{"yaw":3.244,"roll":0.04,"pitch":0.12},"metrics":{"latency":50.6,"rates":{"update":5.84,"success":5.84}}}}
{"version":"1","tagId":"26457","success":true,"timestamp":1540500116.677,"data":{"tagData":{},"anchorData":[],"coordinates":{"x":2262,"y":-57,"z":0},"orientation":{"yaw":0.363,"roll":-0.014,"pitch":-0.027},"metrics":{"latency":105.7,"rates":{"update":5.58,"success":5.58}}}}
{"version":"1","tagId":"26376","success":true,"timestamp":1540500116.871,"data":{"tagData":{},"anchorData":[],"coordinates":{"x":5725,"y":-1018,"z":0},"orientation":{"yaw":3.241,"roll":0.083,"pitch":0.188},"metrics":{"latency":47.6,"rates":{"update":5.4,"success":5.4}}}}
{"version":"1","tagId":"26457","success":true,"timestamp":1540500116.936,"data":{"tagData":{},"anchorData":[],"coordinates":{"x":2293,"y":-25,"z":0},"orientation":{"yaw":0.363,"roll":-0.014,"pitch":-0.027},"metrics":{"latency":100,"rates":{"update":5.36,"success":5.36}}}}
{"version":"1","tagId":"26376","success":true,"timestamp":1540500117.038,"data":{"tagData":{},"anchorData":[],"coordinates":{"x":5789,"y":-1048,"z":0},"orientation":{"yaw":3.26,"roll":0.075,"pitch":0.196},"metrics":{"latency":48.5,"rates":{"update":5.45,"success":5.45}}}}
{"version":"1","tagId":"26457","success":true,"timestamp":1540500117.089,"data":{"tagData":{},"anchorData":[],"coordinates":{"x":2280,"y":-50,"z":0},"orientation":{"yaw":0.363,"roll":-0.014,"pitch":-0.027},"metrics":{"latency":76.8,"rates":{"update":5.52,"success":5.52}}}}
{"version":"1","tagId":"26376","success":true,"timestamp":1540500117.222,"data":{"tagData":{},"anchorData":[],"coordinates":{"x":5747,"y":-1047,"z":0},"orientation":{"yaw":3.248,"roll":0.065,"pitch":0.237},"metrics":{"latency":45.7,"rates":{"update":5.46,"success":5.46}}}}
{"version":"1","tagId":"26457","success":true,"timestamp":1540500117.336,"data":{"tagData":{},"anchorData":[],"coordinates":{"x":2318,"y":-37,"z":0},"orientation":{"yaw":0.363,"roll":-0.014,"pitch":-0.027},"metrics":{"latency":66.2,"rates":{"update":5.36,"success":5.36}}}}
{"version":"1","tagId":"26376","success":true,"timestamp":1540500117.424,"data":{"tagData":{},"anchorData":[],"coordinates":{"x":5701,"y":-1042,"z":0},"orientation":{"yaw":3.255,"roll":0.087,"pitch":0.213},"metrics":{"latency":46.3,"rates":{"update":5.4,"success":5.4}}}}
{"version":"1","tagId":"26457","success":true,"timestamp":1540500117.473,"data":{"tagData":{},"anchorData":[],"coordinates":{"x":2266,"y":-37,"z":0},"orientation":{"yaw":0.363,"roll":-0.014,"pitch":-0.027},"metrics":{"latency":42.2,"rates":{"update":5.58,"success":5.58}}}}
{"version":"1","tagId":"26376","success":true,"timestamp":1540500117.518,"data":{"tagData":{},"anchorData":[],"coordinates":{"x":5775,"y":-1023,"z":0},"orientation":{"yaw":3.255,"roll":0.098,"pitch":0.221},"metrics":{"latency":48.9,"rates":{"update":5.67,"success":5.67}}}}
{"version":"1","tagId":"26457","success":true,"timestamp":1540500117.57,"data":{"tagData":{},"anchorData":[],"coordinates":{"x":2268,"y":-54,"z":0},"orientation":{"yaw":0.363,"roll":-0.014,"pitch":-0.027},"metrics":{"latency":74.8,"rates":{"update":5.74,"success":5.74}}}}
{"version":"1","tagId":"26376","success":true,"timestamp":1540500117.714,"data":{"tagData":{},"anchorData":[],"coordinates":{"x":5741,"y":-1056,"z":0},"orientation":{"yaw":3.248,"roll":0.063,"pitch":0.218},"metrics":{"latency":51.9,"rates":{"update":5.6,"success":5.6}}}}
{"version":"1","tagId":"26457","success":true,"timestamp":1540500117.824,"data":{"tagData":{},"anchorData":[],"coordinates":{"x":2296,"y":-60,"z":0},"orientation":{"yaw":0.363,"roll":-0.014,"pitch":-0.027},"metrics":{"latency":47.9,"rates":{"update":5.57,"success":5.57}}}}
{"version":"1","tagId":"26376","success":true,"timestamp":1540500117.889,"data":{"tagData":{},"anchorData":[],"coordinates":{"x":5787,"y":-1037,"z":0},"orientation":{"yaw":3.267,"roll":0.069,"pitch":0.221},"metrics":{"latency":49.4,"rates":{"update":5.62,"success":5.62}}}}
{"version":"1","tagId":"26457","success":true,"timestamp":1540500117.942,"data":{"tagData":{},"anchorData":[],"coordinates":{"x":2258,"y":-21,"z":0},"orientation":{"yaw":0.363,"roll":-0.014,"pitch":-0.027},"metrics":{"latency":52.4,"rates":{"update":5.75,"success":5.75}}}}
{"version":"1","tagId":"26376","success":true,"timestamp":1540500117.999,"data":{"tagData":{},"anchorData":[],"coordinates":{"x":5704,"y":-1052,"z":0},"orientation":{"yaw":3.267,"roll":0.058,"pitch":0.22},"metrics":{"latency":45.9,"rates":{"update":5.86,"success":5.86}}}}
{"version":"1","tagId":"26457","success":true,"timestamp":1540500118.048,"data":{"tagData":{},"anchorData":[],"coordinates":{"x":2270,"y":-13,"z":0},"orientation":{"yaw":0.363,"roll":-0.014,"pitch":-0.027},"metrics":{"latency":79.6,"rates":{"update":5.89,"success":5.89}}}}
{"version":"1","tagId":"26376","success":true,"timestamp":1540500118.187,"data":{"tagData":{},"anchorData":[],"coordinates":{"x":5703,"y":-1078,"z":0},"orientation":{"yaw":3.264,"roll":0.052,"pitch":0.228},"metrics":{"latency":50.8,"rates":{"update":5.78,"success":5.78}}}}
{"version":"1","tagId":"26457","success":true,"timestamp":1540500118.307,"data":{"tagData":{},"anchorData":[],"coordinates":{"x":2258,"y":-21,"z":0},"orientation":{"yaw":0.363,"roll":-0.014,"pitch":-0.027},"metrics":{"latency":50.1,"rates":{"update":5.69,"success":5.69}}}}
{"version":"1","tagId":"26376","success":true,"timestamp":1540500118.389,"data":{"tagData":{},"anchorData":[],"coordinates":{"x":5666,"y":-991,"z":0},"orientation":{"yaw":3.253,"roll":0.05,"pitch":0.207},"metrics":{"latency":47.8,"rates":{"update":5.69,"success":5.69}}}}
{"version":"1","tagId":"26457","success":true,"timestamp":1540500118.44,"data":{"tagData":{},"anchorData":[],"coordinates":{"x":2260,"y":-46,"z":0},"orientation":{"yaw":0.363,"roll":-0.014,"pitch":-0.027},"metrics":{"latency":35.1,"rates":{"update":5.88,"success":5.88}}}}
