{"version":"1","tagId":"26457","success":true,"timestamp":1538594043.43,"data":{"tagData":{},"anchorData":[],"coordinates":{"x":2320,"y":-1225,"z":0},"orientation":{"yaw":6.226,"roll":-0.019,"pitch":-0.02},"metrics":{"latency":37.6,"rates":{"update":0.85,"success":0.85}}}}
{"version":"1","tagId":"26376","success":false,"errorCode":"NO_CONN","timestamp":1538594043.493}
{"version":"1","tagId":"26395","success":false,"errorCode":"NO_CONN","timestamp":1538594043.83}
{"version":"1","tagId":"26382","success":true,"timestamp":1538594044.181,"data":{"tagData":{},"anchorData":[],"coordinates":{"x":1166,"y":5261,"z":0},"orientation":{"yaw":6.044,"roll":0.029,"pitch":0.181},"metrics":{"latency":49.5,"rates":{"update":0.86,"success":0.23}}}}
{"version":"1","tagId":"26383","success":false,"errorCode":"NO_CONN","timestamp":1538594044.237}
{"version":"1","tagId":"26457","success":true,"timestamp":1538594044.603,"data":{"tagData":{},"anchorData":[],"coordinates":{"x":2288,"y":-1175,"z":0},"orientation":{"yaw":6.226,"roll":-0.019,"pitch":-0.02},"metrics":{"latency":33.1,"rates":{"update":0.85,"success":0.85}}}}
{"version":"1","tagId":"26376","success":false,"errorCode":"NO_CONN","timestamp":1538594044.65}
{"version":"1","tagId":"26395","success":false,"errorCode":"NO_CONN","timestamp":1538594045.012}
{"version":"1","tagId":"26382","success":true,"timestamp":1538594045.36,"data":{"tagData":{},"anchorData":[],"coordinates":{"x":1164,"y":5154,"z":0},"orientation":{"yaw":6.046,"roll":0.027,"pitch":0.182},"metrics":{"latency":49.5,"rates":{"update":0.85,"success":0.25}}}}
{"version":"1","tagId":"26383","success":false,"errorCode":"NO_CONN","timestamp":1538594045.438}
{"version":"1","tagId":"26457","success":true,"timestamp":1538594045.779,"data":{"tagData":{},"anchorData":[],"coordinates":{"x":2505,"y":-1215,"z":0},"orientation":{"yaw":6.226,"roll":-0.02,"pitch":-0.02},"metrics":{"latency":33.8,"rates":{"update":0.85,"success":0.85}}}}
{"version":"1","tagId":"26376","success":false,"errorCode":"NO_CONN","timestamp":1538594045.826}
{"version":"1","tagId":"26395","success":false,"errorCode":"NO_CONN","timestamp":1538594046.183}
{"version":"1","tagId":"26382","success":true,"timestamp":1538594046.542,"data":{"tagData":{},"anchorData":[],"coordinates":{"x":1107,"y":5146,"z":0},"orientation":{"yaw":6.046,"roll":0.027,"pitch":0.182},"metrics":{"latency":47.6,"rates":{"update":0.85,"success":0.26}}}}
{"version":"1","tagId":"26383","success":false,"errorCode":"NO_CONN","timestamp":1538594046.593}
{"version":"1","tagId":"26457","success":true,"timestamp":1538594046.952,"data":{"tagData":{},"anchorData":[],"coordinates":{"x":2396,"y":-1067,"z":0},"orientation":{"yaw":6.226,"roll":-0.02,"pitch":-0.02},"metrics":{"latency":37.3,"rates":{"update":0.85,"success":0.85}}}}
{"version":"1","tagId":"26376","success":false,"errorCode":"NO_CONN","timestamp":1538594047.003}
{"version":"1","tagId":"26395","success":false,"errorCode":"NO_CONN","timestamp":1538594047.355}
{"version":"1","tagId":"26382","success":true,"timestamp":1538594047.703,"data":{"tagData":{},"anchorData":[],"coordinates":{"x":1155,"y":5238,"z":0},"orientation":{"yaw":6.046,"roll":0.027,"pitch":0.182},"metrics":{"latency":45.4,"rates":{"update":0.85,"success":0.28}}}}
{"version":"1","tagId":"26383","success":false,"errorCode":"NO_CONN","timestamp":1538594047.75}
{"version":"1","tagId":"26457","success":true,"timestamp":1538594048.1,"data":{"tagData":{},"anchorData":[],"coordinates":{"x":2387,"y":-1194,"z":0},"orientation":{"yaw":6.226,"roll":-0.02,"pitch":-0.02},"metrics":{"latency":34.7,"rates":{"update":0.86,"success":0.86}}}}
{"version":"1","tagId":"26376","success":false,"errorCode":"NO_CONN","timestamp":1538594048.15}
{"version":"1","tagId":"26395","success":false,"errorCode":"NO_CONN","timestamp":1538594048.514}
{"version":"1","tagId":"26382","success":true,"timestamp":1538594048.853,"data":{"tagData":{},"anchorData":[],"coordinates":{"x":1090,"y":5199,"z":0},"orientation":{"yaw":6.046,"roll":0.027,"pitch":0.182},"metrics":{"latency":48.8,"rates":{"update":0.86,"success":0.3}}}}
{"version":"1","tagId":"26383","success":false,"errorCode":"NO_CONN","timestamp":1538594048.908}
{"version":"1","tagId":"26457","success":true,"timestamp":1538594049.265,"data":{"tagData":{},"anchorData":[],"coordinates":{"x":2369,"y":-1102,"z":0},"orientation":{"yaw":6.226,"roll":-0.02,"pitch":-0.02},"metrics":{"latency":36.8,"rates":{"update":0.86,"success":0.86}}}}
{"version":"1","tagId":"26376","success":false,"errorCode":"NO_CONN","timestamp":1538594049.325}
{"version":"1","tagId":"26395","success":false,"errorCode":"NO_CONN","timestamp":1538594049.676}
{"version":"1","tagId":"26382","success":true,"timestamp":1538594050.023,"data":{"tagData":{},"anchorData":[],"coordinates":{"x":1029,"y":5145,"z":0},"orientation":{"yaw":6.046,"roll":0.027,"pitch":0.182},"metrics":{"latency":47.6,"rates":{"update":0.86,"success":0.32}}}}
{"version":"1","tagId":"26383","success":false,"errorCode":"NO_CONN","timestamp":1538594050.072}
{"version":"1","tagId":"26457","success":true,"timestamp":1538594050.43,"data":{"tagData":{},"anchorData":[],"coordinates":{"x":2349,"y":-1100,"z":0},"orientation":{"yaw":6.226,"roll":-0.02,"pitch":-0.02},"metrics":{"latency":34.1,"rates":{"update":0.86,"success":0.86}}}}
{"version":"1","tagId":"26376","success":false,"errorCode":"NO_CONN","timestamp":1538594050.489}
{"version":"1","tagId":"26395","success":false,"errorCode":"NO_CONN","timestamp":1538594050.828}
{"version":"1","tagId":"26382","success":true,"timestamp":1538594051.179,"data":{"tagData":{},"anchorData":[],"coordinates":{"x":1119,"y":5165,"z":0},"orientation":{"yaw":6.046,"roll":0.027,"pitch":0.182},"metrics":{"latency":47.9,"rates":{"update":0.86,"success":0.35}}}}
{"version":"1","tagId":"26383","success":false,"errorCode":"NO_CONN","timestamp":1538594051.229}
{"version":"1","tagId":"26457","success":true,"timestamp":1538594051.589,"data":{"tagData":{},"anchorData":[],"coordinates":{"x":2405,"y":-1053,"z":0},"orientation":{"yaw":6.226,"roll":-0.02,"pitch":-0.02},"metrics":{"latency":34.3,"rates":{"update":0.86,"success":0.86}}}}
{"version":"1","tagId":"26376","success":false,"errorCode":"NO_CONN","timestamp":1538594051.637}
{"version":"1","tagId":"26395","success":false,"errorCode":"NO_CONN","timestamp":1538594051.985}
{"version":"1","tagId":"26382","success":true,"timestamp":1538594052.331,"data":{"tagData":{},"anchorData":[],"coordinates":{"x":1157,"y":5191,"z":0},"orientation":{"yaw":6.046,"roll":0.027,"pitch":0.182},"metrics":{"latency":48.4,"rates":{"update":0.86,"success":0.37}}}}
{"version":"1","tagId":"26383","success":false,"errorCode":"NO_CONN","timestamp":1538594052.382}
{"version":"1","tagId":"26457","success":true,"timestamp":1538594052.741,"data":{"tagData":{},"anchorData":[],"coordinates":{"x":2389,"y":-1120,"z":0},"orientation":{"yaw":6.226,"roll":-0.02,"pitch":-0.02},"metrics":{"latency":41.2,"rates":{"update":0.86,"success":0.86}}}}
{"version":"1","tagId":"26376","success":false,"errorCode":"NO_CONN","timestamp":1538594052.796}
{"version":"1","tagId":"26395","success":false,"errorCode":"NO_CONN","timestamp":1538594053.146}
{"version":"1","tagId":"26382","success":true,"timestamp":1538594053.52,"data":{"tagData":{},"anchorData":[],"coordinates":{"x":1158,"y":5131,"z":0},"orientation":{"yaw":6.161,"roll":0.195,"pitch":0.243},"metrics":{"latency":45.9,"rates":{"update":0.86,"success":0.39}}}}
{"version":"1","tagId":"26383","success":false,"errorCode":"NO_CONN","timestamp":1538594053.568}
{"version":"1","tagId":"26457","success":true,"timestamp":1538594053.908,"data":{"tagData":{},"anchorData":[],"coordinates":{"x":2329,"y":-1080,"z":0},"orientation":{"yaw":6.226,"roll":-0.02,"pitch":-0.02},"metrics":{"latency":37.2,"rates":{"update":0.86,"success":0.86}}}}
{"version":"1","tagId":"26376","success":false,"errorCode":"NO_CONN","timestamp":1538594053.97}
{"version":"1","tagId":"26395","success":false,"errorCode":"NO_CONN","timestamp":1538594054.32}
{"version":"1","tagId":"26382","success":true,"timestamp":1538594054.673,"data":{"tagData":{},"anchorData":[],"coordinates":{"x":1283,"y":5213,"z":0},"orientation":{"yaw":6.121,"roll":-0.184,"pitch":0.41},"metrics":{"latency":46.7,"rates":{"update":0.86,"success":0.41}}}}
{"version":"1","tagId":"26383","success":false,"errorCode":"NO_CONN","timestamp":1538594054.721}
{"version":"1","tagId":"26457","success":true,"timestamp":1538594055.071,"data":{"tagData":{},"anchorData":[],"coordinates":{"x":2343,"y":-1107,"z":0},"orientation":{"yaw":6.226,"roll":-0.02,"pitch":-0.02},"metrics":{"latency":42.4,"rates":{"update":0.86,"success":0.86}}}}
{"version":"1","tagId":"26376","success":false,"errorCode":"NO_CONN","timestamp":1538594055.131}
{"version":"1","tagId":"26395","success":false,"errorCode":"NO_CONN","timestamp":1538594055.491}
{"version":"1","tagId":"26382","success":true,"timestamp":1538594055.828,"data":{"tagData":{},"anchorData":[],"coordinates":{"x":1466,"y":4782,"z":0},"orientation":{"yaw":4.843,"roll":-0.384,"pitch":0.016},"metrics":{"latency":47.2,"rates":{"update":0.86,"success":0.44}}}}
{"version":"1","tagId":"26383","success":false,"errorCode":"NO_CONN","timestamp":1538594055.879}
{"version":"1","tagId":"26457","success":true,"timestamp":1538594056.228,"data":{"tagData":{},"anchorData":[],"coordinates":{"x":2362,"y":-1042,"z":0},"orientation":{"yaw":6.226,"roll":-0.02,"pitch":-0.02},"metrics":{"latency":38,"rates":{"update":0.86,"success":0.86}}}}
{"version":"1","tagId":"26376","success":false,"errorCode":"NO_CONN","timestamp":1538594056.282}
{"version":"1","tagId":"26395","success":false,"errorCode":"NO_CONN","timestamp":1538594056.638}
{"version":"1","tagId":"26382","success":true,"timestamp":1538594056.999,"data":{"tagData":{},"anchorData":[],"coordinates":{"x":1493,"y":3783,"z":0},"orientation":{"yaw":4.733,"roll":-0.645,"pitch":0.518},"metrics":{"latency":47.3,"rates":{"update":0.86,"success":0.46}}}}
{"version":"1","tagId":"26383","success":false,"errorCode":"NO_CONN","timestamp":1538594057.049}
{"version":"1","tagId":"26457","success":true,"timestamp":1538594057.409,"data":{"tagData":{},"anchorData":[],"coordinates":{"x":2379,"y":-1110,"z":0},"orientation":{"yaw":6.226,"roll":-0.02,"pitch":-0.02},"metrics":{"latency":33.9,"rates":{"update":0.86,"success":0.86}}}}
{"version":"1","tagId":"26376","success":false,"errorCode":"NO_CONN","timestamp":1538594057.466}
{"version":"1","tagId":"26395","success":false,"errorCode":"NO_CONN","timestamp":1538594057.808}
{"version":"1","tagId":"26382","success":true,"timestamp":1538594058.157,"data":{"tagData":{},"anchorData":[],"coordinates":{"x":1343,"y":2733,"z":0},"orientation":{"yaw":4.892,"roll":-0.737,"pitch":0.805},"metrics":{"latency":48.3,"rates":{"update":0.86,"success":0.48}}}}
{"version":"1","tagId":"26383","success":false,"errorCode":"NO_CONN","timestamp":1538594058.212}
{"version":"1","tagId":"26457","success":true,"timestamp":1538594058.578,"data":{"tagData":{},"anchorData":[],"coordinates":{"x":2361,"y":-1062,"z":0},"orientation":{"yaw":6.226,"roll":-0.02,"pitch":-0.02},"metrics":{"latency":43.4,"rates":{"update":0.86,"success":0.86}}}}
{"version":"1","tagId":"26376","success":false,"errorCode":"NO_CONN","timestamp":1538594058.635}
{"version":"1","tagId":"26395","success":false,"errorCode":"NO_CONN","timestamp":1538594058.984}
{"version":"1","tagId":"26382","success":true,"timestamp":1538594059.341,"data":{"tagData":{},"anchorData":[],"coordinates":{"x":1359,"y":1892,"z":0},"orientation":{"yaw":5.193,"roll":-0.831,"pitch":0.977},"metrics":{"latency":45.7,"rates":{"update":0.86,"success":0.5}}}}
{"version":"1","tagId":"26383","success":false,"errorCode":"NO_CONN","timestamp":1538594059.39}
{"version":"1","tagId":"26457","success":true,"timestamp":1538594059.744,"data":{"tagData":{},"anchorData":[],"coordinates":{"x":2426,"y":-1117,"z":0},"orientation":{"yaw":6.226,"roll":-0.02,"pitch":-0.02},"metrics":{"latency":40.4,"rates":{"update":0.86,"success":0.86}}}}
{"version":"1","tagId":"26376","success":false,"errorCode":"NO_CONN","timestamp":1538594059.8}
{"version":"1","tagId":"26395","success":false,"errorCode":"NO_CONN","timestamp":1538594060.144}
{"version":"1","tagId":"26382","success":true,"timestamp":1538594060.51,"data":{"tagData":{},"anchorData":[],"coordinates":{"x":1962,"y":1467,"z":0},"orientation":{"yaw":0.055,"roll":-0.712,"pitch":0.785},"metrics":{"latency":45.8,"rates":{"update":0.86,"success":0.52}}}}
{"version":"1","tagId":"26383","success":false,"errorCode":"NO_CONN","timestamp":1538594060.559}
{"version":"1","tagId":"26457","success":true,"timestamp":1538594060.906,"data":{"tagData":{},"anchorData":[],"coordinates":{"x":2411,"y":-1055,"z":0},"orientation":{"yaw":6.226,"roll":-0.02,"pitch":-0.02},"metrics":{"latency":35.9,"rates":{"update":0.86,"success":0.86}}}}
{"version":"1","tagId":"26376","success":false,"errorCode":"NO_CONN","timestamp":1538594060.966}
{"version":"1","tagId":"26395","success":false,"errorCode":"NO_CONN","timestamp":1538594061.309}
{"version":"1","tagId":"26382","success":true,"timestamp":1538594061.673,"data":{"tagData":{},"anchorData":[],"coordinates":{"x":1992,"y":1737,"z":0},"orientation":{"yaw":1.432,"roll":-1.479,"pitch":0.065},"metrics":{"latency":45.3,"rates":{"update":0.86,"success":0.55}}}}
{"version":"1","tagId":"26383","success":false,"errorCode":"NO_CONN","timestamp":1538594061.721}
{"version":"1","tagId":"26457","success":true,"timestamp":1538594062.082,"data":{"tagData":{},"anchorData":[],"coordinates":{"x":2377,"y":-1176,"z":0},"orientation":{"yaw":6.226,"roll":-0.02,"pitch":-0.02},"metrics":{"latency":45.8,"rates":{"update":0.86,"success":0.86}}}}
{"version":"1","tagId":"26376","success":false,"errorCode":"NO_CONN","timestamp":1538594062.141}
{"version":"1","tagId":"26395","success":false,"errorCode":"NO_CONN","timestamp":1538594062.501}
{"version":"1","tagId":"26382","success":true,"timestamp":1538594062.841,"data":{"tagData":{},"anchorData":[],"coordinates":{"x":2032,"y":2089,"z":0},"orientation":{"yaw":2.053,"roll":-1.049,"pitch":2.017},"metrics":{"latency":46,"rates":{"update":0.86,"success":0.57}}}}
{"version":"1","tagId":"26383","success":false,"errorCode":"NO_CONN","timestamp":1538594062.89}
{"version":"1","tagId":"26457","success":true,"timestamp":1538594063.238,"data":{"tagData":{},"anchorData":[],"coordinates":{"x":2378,"y":-1095,"z":0},"orientation":{"yaw":6.226,"roll":-0.02,"pitch":-0.02},"metrics":{"latency":42.1,"rates":{"update":0.86,"success":0.86}}}}
{"version":"1","tagId":"26376","success":false,"errorCode":"NO_CONN","timestamp":1538594063.3}
{"version":"1","tagId":"26395","success":false,"errorCode":"NO_CONN","timestamp":1538594063.657}
{"version":"1","tagId":"26382","success":true,"timestamp":1538594064.017,"data":{"tagData":{},"anchorData":[],"coordinates":{"x":2082,"y":1464,"z":0},"orientation":{"yaw":2.1,"roll":-0.988,"pitch":1.619},"metrics":{"latency":43.9,"rates":{"update":0.86,"success":0.59}}}}
{"version":"1","tagId":"26383","success":false,"errorCode":"NO_CONN","timestamp":1538594064.063}
{"version":"1","tagId":"26457","success":true,"timestamp":1538594064.415,"data":{"tagData":{},"anchorData":[],"coordinates":{"x":2405,"y":-1243,"z":0},"orientation":{"yaw":6.226,"roll":-0.02,"pitch":-0.02},"metrics":{"latency":33.9,"rates":{"update":0.86,"success":0.86}}}}
{"version":"1","tagId":"26376","success":false,"errorCode":"NO_CONN","timestamp":1538594064.473}
{"version":"1","tagId":"26395","success":false,"errorCode":"NO_CONN","timestamp":1538594064.805}
